{"/Users/joakimborg/Documents/Studier/Programkonstruktion och Datastrukter/Projekt/message-app/userfunctions.js": {"path":"/Users/joakimborg/Documents/Studier/Programkonstruktion och Datastrukter/Projekt/message-app/userfunctions.js","statementMap":{"0":{"start":{"line":2,"column":0},"end":{"line":2,"column":62}},"1":{"start":{"line":3,"column":0},"end":{"line":3,"column":34}},"2":{"start":{"line":4,"column":0},"end":{"line":4,"column":42}},"3":{"start":{"line":5,"column":0},"end":{"line":5,"column":40}},"4":{"start":{"line":6,"column":0},"end":{"line":6,"column":30}},"5":{"start":{"line":7,"column":0},"end":{"line":7,"column":42}},"6":{"start":{"line":8,"column":20},"end":{"line":8,"column":48}},"7":{"start":{"line":9,"column":27},"end":{"line":9,"column":67}},"8":{"start":{"line":11,"column":4},"end":{"line":18,"column":6}},"9":{"start":{"line":21,"column":4},"end":{"line":21,"column":14}},"10":{"start":{"line":24,"column":4},"end":{"line":29,"column":5}},"11":{"start":{"line":24,"column":17},"end":{"line":24,"column":18}},"12":{"start":{"line":25,"column":8},"end":{"line":28,"column":16}},"13":{"start":{"line":26,"column":12},"end":{"line":26,"column":24}},"14":{"start":{"line":30,"column":4},"end":{"line":30,"column":17}},"15":{"start":{"line":33,"column":4},"end":{"line":38,"column":5}},"16":{"start":{"line":33,"column":17},"end":{"line":33,"column":18}},"17":{"start":{"line":34,"column":8},"end":{"line":37,"column":16}},"18":{"start":{"line":35,"column":12},"end":{"line":35,"column":31}},"19":{"start":{"line":39,"column":4},"end":{"line":39,"column":39}},"20":{"start":{"line":42,"column":4},"end":{"line":47,"column":5}},"21":{"start":{"line":43,"column":8},"end":{"line":43,"column":28}},"22":{"start":{"line":46,"column":8},"end":{"line":46,"column":49}}},"fnMap":{"0":{"name":"create_user","decl":{"start":{"line":10,"column":9},"end":{"line":10,"column":20}},"loc":{"start":{"line":10,"column":37},"end":{"line":19,"column":1}},"line":10},"1":{"name":"create_userbase","decl":{"start":{"line":20,"column":9},"end":{"line":20,"column":24}},"loc":{"start":{"line":20,"column":27},"end":{"line":22,"column":1}},"line":20},"2":{"name":"is_in_userbase","decl":{"start":{"line":23,"column":9},"end":{"line":23,"column":23}},"loc":{"start":{"line":23,"column":44},"end":{"line":31,"column":1}},"line":23},"3":{"name":"find_user","decl":{"start":{"line":32,"column":9},"end":{"line":32,"column":18}},"loc":{"start":{"line":32,"column":39},"end":{"line":40,"column":1}},"line":32},"4":{"name":"add_to_userbase","decl":{"start":{"line":41,"column":9},"end":{"line":41,"column":24}},"loc":{"start":{"line":41,"column":41},"end":{"line":48,"column":1}},"line":41}},"branchMap":{"0":{"loc":{"start":{"line":25,"column":8},"end":{"line":28,"column":16}},"type":"if","locations":[{"start":{"line":25,"column":8},"end":{"line":28,"column":16}},{"start":{"line":28,"column":13},"end":{"line":28,"column":16}}],"line":25},"1":{"loc":{"start":{"line":34,"column":8},"end":{"line":37,"column":16}},"type":"if","locations":[{"start":{"line":34,"column":8},"end":{"line":37,"column":16}},{"start":{"line":37,"column":13},"end":{"line":37,"column":16}}],"line":34},"2":{"loc":{"start":{"line":42,"column":4},"end":{"line":47,"column":5}},"type":"if","locations":[{"start":{"line":42,"column":4},"end":{"line":47,"column":5}},{"start":{"line":45,"column":9},"end":{"line":47,"column":5}}],"line":42}},"s":{"0":1,"1":1,"2":1,"3":1,"4":1,"5":1,"6":1,"7":1,"8":3,"9":3,"10":4,"11":4,"12":2,"13":1,"14":3,"15":1,"16":1,"17":1,"18":1,"19":0,"20":2,"21":2,"22":0},"f":{"0":3,"1":3,"2":4,"3":1,"4":2},"b":{"0":[1,1],"1":[1,0],"2":[2,0]},"inputSourceMap":null,"_coverageSchema":"1a1c01bbd47fc00a2c39e90264f33305004495a9","hash":"0b6403b1945730efd434c0bb79c3a4b7dd629be6"}
,"/Users/joakimborg/Documents/Studier/Programkonstruktion och Datastrukter/Projekt/message-app/lib/queue_array.js": {"path":"/Users/joakimborg/Documents/Studier/Programkonstruktion och Datastrukter/Projekt/message-app/lib/queue_array.js","statementMap":{"0":{"start":{"line":2,"column":0},"end":{"line":2,"column":62}},"1":{"start":{"line":3,"column":0},"end":{"line":3,"column":22}},"2":{"start":{"line":4,"column":0},"end":{"line":4,"column":28}},"3":{"start":{"line":5,"column":0},"end":{"line":5,"column":26}},"4":{"start":{"line":6,"column":0},"end":{"line":6,"column":20}},"5":{"start":{"line":7,"column":0},"end":{"line":7,"column":26}},"6":{"start":{"line":8,"column":0},"end":{"line":8,"column":38}},"7":{"start":{"line":15,"column":4},"end":{"line":15,"column":22}},"8":{"start":{"line":24,"column":4},"end":{"line":24,"column":25}},"9":{"start":{"line":34,"column":21},"end":{"line":34,"column":25}},"10":{"start":{"line":35,"column":4},"end":{"line":35,"column":25}},"11":{"start":{"line":36,"column":4},"end":{"line":36,"column":26}},"12":{"start":{"line":46,"column":21},"end":{"line":46,"column":25}},"13":{"start":{"line":47,"column":4},"end":{"line":47,"column":28}},"14":{"start":{"line":57,"column":21},"end":{"line":57,"column":25}},"15":{"start":{"line":58,"column":4},"end":{"line":58,"column":26}},"16":{"start":{"line":66,"column":4},"end":{"line":66,"column":40}}},"fnMap":{"0":{"name":"empty","decl":{"start":{"line":14,"column":9},"end":{"line":14,"column":14}},"loc":{"start":{"line":14,"column":17},"end":{"line":16,"column":1}},"line":14},"1":{"name":"is_empty","decl":{"start":{"line":23,"column":9},"end":{"line":23,"column":17}},"loc":{"start":{"line":23,"column":21},"end":{"line":25,"column":1}},"line":23},"2":{"name":"enqueue","decl":{"start":{"line":33,"column":9},"end":{"line":33,"column":16}},"loc":{"start":{"line":33,"column":23},"end":{"line":37,"column":1}},"line":33},"3":{"name":"head","decl":{"start":{"line":45,"column":9},"end":{"line":45,"column":13}},"loc":{"start":{"line":45,"column":17},"end":{"line":48,"column":1}},"line":45},"4":{"name":"dequeue","decl":{"start":{"line":56,"column":9},"end":{"line":56,"column":16}},"loc":{"start":{"line":56,"column":20},"end":{"line":59,"column":1}},"line":56},"5":{"name":"display_queue","decl":{"start":{"line":65,"column":9},"end":{"line":65,"column":22}},"loc":{"start":{"line":65,"column":26},"end":{"line":67,"column":1}},"line":65}},"branchMap":{},"s":{"0":1,"1":1,"2":1,"3":1,"4":1,"5":1,"6":1,"7":6,"8":0,"9":0,"10":0,"11":0,"12":0,"13":0,"14":0,"15":0,"16":0},"f":{"0":6,"1":0,"2":0,"3":0,"4":0,"5":0},"b":{},"inputSourceMap":null,"_coverageSchema":"1a1c01bbd47fc00a2c39e90264f33305004495a9","hash":"b714f6d9b00266bca6cb83bc300c6b85569a56ce"}
,"/Users/joakimborg/Documents/Studier/Programkonstruktion och Datastrukter/Projekt/message-app/messages/messages_functions.js": {"path":"/Users/joakimborg/Documents/Studier/Programkonstruktion och Datastrukter/Projekt/message-app/messages/messages_functions.js","statementMap":{"0":{"start":{"line":2,"column":0},"end":{"line":2,"column":62}},"1":{"start":{"line":3,"column":0},"end":{"line":3,"column":38}},"2":{"start":{"line":4,"column":0},"end":{"line":4,"column":40}},"3":{"start":{"line":5,"column":0},"end":{"line":5,"column":36}},"4":{"start":{"line":6,"column":0},"end":{"line":6,"column":60}},"5":{"start":{"line":7,"column":20},"end":{"line":7,"column":49}},"6":{"start":{"line":9,"column":27},"end":{"line":9,"column":77}},"7":{"start":{"line":9,"column":41},"end":{"line":9,"column":75}},"8":{"start":{"line":10,"column":0},"end":{"line":10,"column":52}},"9":{"start":{"line":11,"column":22},"end":{"line":11,"column":102}},"10":{"start":{"line":11,"column":50},"end":{"line":11,"column":100}},"11":{"start":{"line":12,"column":22},"end":{"line":12,"column":84}},"12":{"start":{"line":12,"column":41},"end":{"line":12,"column":82}},"13":{"start":{"line":15,"column":4},"end":{"line":15,"column":45}},"14":{"start":{"line":20,"column":4},"end":{"line":23,"column":5}},"15":{"start":{"line":21,"column":8},"end":{"line":21,"column":87}},"16":{"start":{"line":22,"column":8},"end":{"line":22,"column":15}},"17":{"start":{"line":24,"column":4},"end":{"line":24,"column":54}},"18":{"start":{"line":25,"column":4},"end":{"line":25,"column":66}},"19":{"start":{"line":30,"column":4},"end":{"line":31,"column":52}},"20":{"start":{"line":31,"column":8},"end":{"line":31,"column":52}},"21":{"start":{"line":32,"column":13},"end":{"line":32,"column":56}},"22":{"start":{"line":32,"column":67},"end":{"line":32,"column":76}},"23":{"start":{"line":32,"column":85},"end":{"line":32,"column":92}},"24":{"start":{"line":33,"column":4},"end":{"line":33,"column":45}},"25":{"start":{"line":34,"column":4},"end":{"line":34,"column":39}},"26":{"start":{"line":35,"column":4},"end":{"line":35,"column":40}}},"fnMap":{"0":{"name":"(anonymous_0)","decl":{"start":{"line":9,"column":27},"end":{"line":9,"column":28}},"loc":{"start":{"line":9,"column":39},"end":{"line":9,"column":77}},"line":9},"1":{"name":"(anonymous_1)","decl":{"start":{"line":11,"column":22},"end":{"line":11,"column":23}},"loc":{"start":{"line":11,"column":48},"end":{"line":11,"column":102}},"line":11},"2":{"name":"(anonymous_2)","decl":{"start":{"line":12,"column":22},"end":{"line":12,"column":23}},"loc":{"start":{"line":12,"column":39},"end":{"line":12,"column":84}},"line":12},"3":{"name":"message_create","decl":{"start":{"line":14,"column":9},"end":{"line":14,"column":23}},"loc":{"start":{"line":14,"column":36},"end":{"line":16,"column":1}},"line":14},"4":{"name":"message_send","decl":{"start":{"line":18,"column":9},"end":{"line":18,"column":21}},"loc":{"start":{"line":18,"column":48},"end":{"line":26,"column":1}},"line":18},"5":{"name":"message_read_and_dequeue","decl":{"start":{"line":28,"column":9},"end":{"line":28,"column":33}},"loc":{"start":{"line":28,"column":40},"end":{"line":36,"column":1}},"line":28}},"branchMap":{"0":{"loc":{"start":{"line":20,"column":4},"end":{"line":23,"column":5}},"type":"if","locations":[{"start":{"line":20,"column":4},"end":{"line":23,"column":5}},{"start":{},"end":{}}],"line":20},"1":{"loc":{"start":{"line":20,"column":8},"end":{"line":20,"column":75}},"type":"binary-expr","locations":[{"start":{"line":20,"column":8},"end":{"line":20,"column":33}},{"start":{"line":20,"column":37},"end":{"line":20,"column":75}}],"line":20},"2":{"loc":{"start":{"line":30,"column":4},"end":{"line":31,"column":52}},"type":"if","locations":[{"start":{"line":30,"column":4},"end":{"line":31,"column":52}},{"start":{},"end":{}}],"line":30}},"s":{"0":1,"1":1,"2":1,"3":1,"4":1,"5":1,"6":1,"7":3,"8":1,"9":1,"10":0,"11":1,"12":0,"13":0,"14":0,"15":0,"16":0,"17":0,"18":0,"19":0,"20":0,"21":0,"22":0,"23":0,"24":0,"25":0,"26":0},"f":{"0":3,"1":0,"2":0,"3":0,"4":0,"5":0},"b":{"0":[0,0],"1":[0,0],"2":[0,0]},"inputSourceMap":null,"_coverageSchema":"1a1c01bbd47fc00a2c39e90264f33305004495a9","hash":"ee7f0e17e2bb536481b7be65f790153795a14b2b"}
}
