{"C:\\Users\\Predator\\OneDrive - Uppsala universitet\\Documents\\PKD\\Code\\PKD project code\\message-app\\userfunctions.js": {"path":"C:\\Users\\Predator\\OneDrive - Uppsala universitet\\Documents\\PKD\\Code\\PKD project code\\message-app\\userfunctions.js","statementMap":{"0":{"start":{"line":2,"column":0},"end":{"line":2,"column":62}},"1":{"start":{"line":3,"column":0},"end":{"line":3,"column":34}},"2":{"start":{"line":4,"column":0},"end":{"line":4,"column":42}},"3":{"start":{"line":5,"column":0},"end":{"line":5,"column":40}},"4":{"start":{"line":6,"column":0},"end":{"line":6,"column":30}},"5":{"start":{"line":7,"column":0},"end":{"line":7,"column":42}},"6":{"start":{"line":8,"column":20},"end":{"line":8,"column":48}},"7":{"start":{"line":9,"column":27},"end":{"line":9,"column":67}},"8":{"start":{"line":17,"column":4},"end":{"line":24,"column":6}},"9":{"start":{"line":28,"column":4},"end":{"line":28,"column":14}},"10":{"start":{"line":37,"column":4},"end":{"line":42,"column":5}},"11":{"start":{"line":37,"column":17},"end":{"line":37,"column":18}},"12":{"start":{"line":38,"column":8},"end":{"line":41,"column":16}},"13":{"start":{"line":39,"column":12},"end":{"line":39,"column":24}},"14":{"start":{"line":43,"column":4},"end":{"line":43,"column":17}},"15":{"start":{"line":52,"column":4},"end":{"line":57,"column":5}},"16":{"start":{"line":52,"column":17},"end":{"line":52,"column":18}},"17":{"start":{"line":53,"column":8},"end":{"line":56,"column":16}},"18":{"start":{"line":54,"column":12},"end":{"line":54,"column":31}},"19":{"start":{"line":58,"column":4},"end":{"line":58,"column":39}},"20":{"start":{"line":66,"column":4},"end":{"line":71,"column":5}},"21":{"start":{"line":67,"column":8},"end":{"line":67,"column":28}},"22":{"start":{"line":70,"column":8},"end":{"line":70,"column":49}}},"fnMap":{"0":{"name":"create_user","decl":{"start":{"line":16,"column":9},"end":{"line":16,"column":20}},"loc":{"start":{"line":16,"column":37},"end":{"line":25,"column":1}},"line":16},"1":{"name":"create_userbase","decl":{"start":{"line":27,"column":9},"end":{"line":27,"column":24}},"loc":{"start":{"line":27,"column":27},"end":{"line":29,"column":1}},"line":27},"2":{"name":"is_in_userbase","decl":{"start":{"line":36,"column":9},"end":{"line":36,"column":23}},"loc":{"start":{"line":36,"column":44},"end":{"line":44,"column":1}},"line":36},"3":{"name":"find_user","decl":{"start":{"line":51,"column":9},"end":{"line":51,"column":18}},"loc":{"start":{"line":51,"column":39},"end":{"line":59,"column":1}},"line":51},"4":{"name":"add_to_userbase","decl":{"start":{"line":65,"column":9},"end":{"line":65,"column":24}},"loc":{"start":{"line":65,"column":41},"end":{"line":72,"column":1}},"line":65}},"branchMap":{"0":{"loc":{"start":{"line":38,"column":8},"end":{"line":41,"column":16}},"type":"if","locations":[{"start":{"line":38,"column":8},"end":{"line":41,"column":16}},{"start":{"line":41,"column":13},"end":{"line":41,"column":16}}],"line":38},"1":{"loc":{"start":{"line":53,"column":8},"end":{"line":56,"column":16}},"type":"if","locations":[{"start":{"line":53,"column":8},"end":{"line":56,"column":16}},{"start":{"line":56,"column":13},"end":{"line":56,"column":16}}],"line":53},"2":{"loc":{"start":{"line":66,"column":4},"end":{"line":71,"column":5}},"type":"if","locations":[{"start":{"line":66,"column":4},"end":{"line":71,"column":5}},{"start":{"line":69,"column":9},"end":{"line":71,"column":5}}],"line":66}},"s":{"0":1,"1":1,"2":1,"3":1,"4":1,"5":1,"6":1,"7":1,"8":29,"9":7,"10":74,"11":74,"12":591,"13":45,"14":29,"15":2,"16":2,"17":4,"18":2,"19":0,"20":28,"21":28,"22":0},"f":{"0":29,"1":7,"2":74,"3":2,"4":28},"b":{"0":[45,546],"1":[2,2],"2":[28,0]},"inputSourceMap":null,"_coverageSchema":"1a1c01bbd47fc00a2c39e90264f33305004495a9","hash":"0fd81f2acfa259a5f6dcd95cd1335e7a27d1ce77"}
,"C:\\Users\\Predator\\OneDrive - Uppsala universitet\\Documents\\PKD\\Code\\PKD project code\\message-app\\friends\\closest_relation.js": {"path":"C:\\Users\\Predator\\OneDrive - Uppsala universitet\\Documents\\PKD\\Code\\PKD project code\\message-app\\friends\\closest_relation.js","statementMap":{"0":{"start":{"line":2,"column":0},"end":{"line":2,"column":62}},"1":{"start":{"line":3,"column":0},"end":{"line":3,"column":44}},"2":{"start":{"line":4,"column":15},"end":{"line":4,"column":39}},"3":{"start":{"line":5,"column":13},"end":{"line":5,"column":35}},"4":{"start":{"line":6,"column":22},"end":{"line":6,"column":48}},"5":{"start":{"line":9,"column":17},"end":{"line":9,"column":19}},"6":{"start":{"line":10,"column":4},"end":{"line":12,"column":5}},"7":{"start":{"line":10,"column":17},"end":{"line":10,"column":18}},"8":{"start":{"line":11,"column":8},"end":{"line":11,"column":38}},"9":{"start":{"line":13,"column":4},"end":{"line":13,"column":18}},"10":{"start":{"line":17,"column":19},"end":{"line":17,"column":49}},"11":{"start":{"line":18,"column":13},"end":{"line":18,"column":50}},"12":{"start":{"line":19,"column":4},"end":{"line":23,"column":5}},"13":{"start":{"line":19,"column":17},"end":{"line":19,"column":18}},"14":{"start":{"line":20,"column":8},"end":{"line":22,"column":9}},"15":{"start":{"line":20,"column":21},"end":{"line":20,"column":22}},"16":{"start":{"line":21,"column":12},"end":{"line":21,"column":94}},"17":{"start":{"line":24,"column":4},"end":{"line":24,"column":14}},"18":{"start":{"line":35,"column":19},"end":{"line":35,"column":49}},"19":{"start":{"line":36,"column":13},"end":{"line":36,"column":40}},"20":{"start":{"line":37,"column":16},"end":{"line":37,"column":39}},"21":{"start":{"line":38,"column":17},"end":{"line":38,"column":40}},"22":{"start":{"line":39,"column":17},"end":{"line":39,"column":128}},"23":{"start":{"line":39,"column":48},"end":{"line":39,"column":67}},"24":{"start":{"line":40,"column":17},"end":{"line":40,"column":19}},"25":{"start":{"line":41,"column":4},"end":{"line":48,"column":5}},"26":{"start":{"line":42,"column":8},"end":{"line":42,"column":51}},"27":{"start":{"line":43,"column":8},"end":{"line":46,"column":16}},"28":{"start":{"line":44,"column":12},"end":{"line":44,"column":37}},"29":{"start":{"line":47,"column":8},"end":{"line":47,"column":42}},"30":{"start":{"line":49,"column":4},"end":{"line":52,"column":12}},"31":{"start":{"line":50,"column":8},"end":{"line":50,"column":63}},"32":{"start":{"line":53,"column":4},"end":{"line":53,"column":18}}},"fnMap":{"0":{"name":"userbase_to_userlist","decl":{"start":{"line":8,"column":9},"end":{"line":8,"column":29}},"loc":{"start":{"line":8,"column":40},"end":{"line":14,"column":1}},"line":8},"1":{"name":"userbase_to_graph","decl":{"start":{"line":16,"column":9},"end":{"line":16,"column":26}},"loc":{"start":{"line":16,"column":37},"end":{"line":25,"column":1}},"line":16},"2":{"name":"closest_relation","decl":{"start":{"line":34,"column":9},"end":{"line":34,"column":25}},"loc":{"start":{"line":34,"column":50},"end":{"line":54,"column":1}},"line":34},"3":{"name":"(anonymous_3)","decl":{"start":{"line":39,"column":33},"end":{"line":39,"column":34}},"loc":{"start":{"line":39,"column":46},"end":{"line":39,"column":69}},"line":39}},"branchMap":{"0":{"loc":{"start":{"line":43,"column":8},"end":{"line":46,"column":16}},"type":"if","locations":[{"start":{"line":43,"column":8},"end":{"line":46,"column":16}},{"start":{"line":46,"column":13},"end":{"line":46,"column":16}}],"line":43},"1":{"loc":{"start":{"line":49,"column":4},"end":{"line":52,"column":12}},"type":"if","locations":[{"start":{"line":49,"column":4},"end":{"line":52,"column":12}},{"start":{"line":52,"column":9},"end":{"line":52,"column":12}}],"line":49}},"s":{"0":2,"1":2,"2":2,"3":2,"4":2,"5":4,"6":4,"7":4,"8":24,"9":4,"10":2,"11":2,"12":2,"13":2,"14":12,"15":12,"16":28,"17":2,"18":2,"19":2,"20":2,"21":2,"22":2,"23":7,"24":2,"25":2,"26":7,"27":7,"28":5,"29":7,"30":2,"31":0,"32":2},"f":{"0":4,"1":2,"2":2,"3":7},"b":{"0":[5,2],"1":[0,2]},"inputSourceMap":null,"_coverageSchema":"1a1c01bbd47fc00a2c39e90264f33305004495a9","hash":"726b784c1b7ee49d5108e2ba833c1dba2623acd0"}
,"C:\\Users\\Predator\\OneDrive - Uppsala universitet\\Documents\\PKD\\Code\\PKD project code\\message-app\\friends\\friends_functions.js": {"path":"C:\\Users\\Predator\\OneDrive - Uppsala universitet\\Documents\\PKD\\Code\\PKD project code\\message-app\\friends\\friends_functions.js","statementMap":{"0":{"start":{"line":2,"column":0},"end":{"line":2,"column":62}},"1":{"start":{"line":3,"column":0},"end":{"line":3,"column":50}},"2":{"start":{"line":4,"column":0},"end":{"line":4,"column":58}},"3":{"start":{"line":5,"column":0},"end":{"line":5,"column":32}},"4":{"start":{"line":6,"column":0},"end":{"line":6,"column":38}},"5":{"start":{"line":7,"column":22},"end":{"line":7,"column":49}},"6":{"start":{"line":8,"column":20},"end":{"line":8,"column":49}},"7":{"start":{"line":9,"column":20},"end":{"line":9,"column":53}},"8":{"start":{"line":10,"column":23},"end":{"line":10,"column":59}},"9":{"start":{"line":12,"column":22},"end":{"line":12,"column":96}},"10":{"start":{"line":12,"column":47},"end":{"line":12,"column":94}},"11":{"start":{"line":13,"column":22},"end":{"line":13,"column":84}},"12":{"start":{"line":13,"column":41},"end":{"line":13,"column":82}},"13":{"start":{"line":16,"column":4},"end":{"line":16,"column":54}},"14":{"start":{"line":22,"column":4},"end":{"line":44,"column":5}},"15":{"start":{"line":23,"column":8},"end":{"line":23,"column":55}},"16":{"start":{"line":26,"column":29},"end":{"line":26,"column":83}},"17":{"start":{"line":27,"column":32},"end":{"line":27,"column":46}},"18":{"start":{"line":28,"column":8},"end":{"line":28,"column":84}},"19":{"start":{"line":29,"column":8},"end":{"line":29,"column":38}},"20":{"start":{"line":30,"column":8},"end":{"line":30,"column":33}},"21":{"start":{"line":31,"column":8},"end":{"line":31,"column":32}},"22":{"start":{"line":32,"column":21},"end":{"line":32,"column":63}},"23":{"start":{"line":33,"column":8},"end":{"line":42,"column":9}},"24":{"start":{"line":34,"column":12},"end":{"line":34,"column":51}},"25":{"start":{"line":35,"column":12},"end":{"line":35,"column":94}},"26":{"start":{"line":37,"column":13},"end":{"line":42,"column":9}},"27":{"start":{"line":38,"column":12},"end":{"line":38,"column":45}},"28":{"start":{"line":41,"column":12},"end":{"line":41,"column":43}},"29":{"start":{"line":43,"column":8},"end":{"line":43,"column":50}},"30":{"start":{"line":48,"column":4},"end":{"line":62,"column":5}},"31":{"start":{"line":49,"column":8},"end":{"line":58,"column":9}},"32":{"start":{"line":49,"column":21},"end":{"line":49,"column":22}},"33":{"start":{"line":50,"column":12},"end":{"line":57,"column":13}},"34":{"start":{"line":51,"column":16},"end":{"line":56,"column":17}},"35":{"start":{"line":51,"column":29},"end":{"line":51,"column":30}},"36":{"start":{"line":52,"column":20},"end":{"line":55,"column":28}},"37":{"start":{"line":53,"column":24},"end":{"line":53,"column":70}},"38":{"start":{"line":61,"column":8},"end":{"line":61,"column":45}},"39":{"start":{"line":67,"column":4},"end":{"line":86,"column":5}},"40":{"start":{"line":68,"column":8},"end":{"line":82,"column":9}},"41":{"start":{"line":68,"column":21},"end":{"line":68,"column":22}},"42":{"start":{"line":69,"column":12},"end":{"line":81,"column":13}},"43":{"start":{"line":70,"column":16},"end":{"line":80,"column":17}},"44":{"start":{"line":70,"column":29},"end":{"line":70,"column":30}},"45":{"start":{"line":71,"column":20},"end":{"line":79,"column":28}},"46":{"start":{"line":72,"column":24},"end":{"line":77,"column":25}},"47":{"start":{"line":73,"column":41},"end":{"line":73,"column":80}},"48":{"start":{"line":74,"column":28},"end":{"line":74,"column":66}},"49":{"start":{"line":75,"column":42},"end":{"line":75,"column":79}},"50":{"start":{"line":76,"column":28},"end":{"line":76,"column":67}},"51":{"start":{"line":85,"column":8},"end":{"line":85,"column":45}}},"fnMap":{"0":{"name":"(anonymous_0)","decl":{"start":{"line":12,"column":22},"end":{"line":12,"column":23}},"loc":{"start":{"line":12,"column":45},"end":{"line":12,"column":96}},"line":12},"1":{"name":"(anonymous_1)","decl":{"start":{"line":13,"column":22},"end":{"line":13,"column":23}},"loc":{"start":{"line":13,"column":39},"end":{"line":13,"column":84}},"line":13},"2":{"name":"friend_request_send","decl":{"start":{"line":15,"column":9},"end":{"line":15,"column":28}},"loc":{"start":{"line":15,"column":48},"end":{"line":17,"column":1}},"line":15},"3":{"name":"friend_request_recieved","decl":{"start":{"line":21,"column":9},"end":{"line":21,"column":32}},"loc":{"start":{"line":21,"column":44},"end":{"line":45,"column":1}},"line":21},"4":{"name":"add_friend","decl":{"start":{"line":47,"column":9},"end":{"line":47,"column":19}},"loc":{"start":{"line":47,"column":52},"end":{"line":63,"column":1}},"line":47},"5":{"name":"remove_friend","decl":{"start":{"line":66,"column":9},"end":{"line":66,"column":22}},"loc":{"start":{"line":66,"column":55},"end":{"line":87,"column":1}},"line":66}},"branchMap":{"0":{"loc":{"start":{"line":22,"column":4},"end":{"line":44,"column":5}},"type":"if","locations":[{"start":{"line":22,"column":4},"end":{"line":44,"column":5}},{"start":{"line":25,"column":9},"end":{"line":44,"column":5}}],"line":22},"1":{"loc":{"start":{"line":33,"column":8},"end":{"line":42,"column":9}},"type":"if","locations":[{"start":{"line":33,"column":8},"end":{"line":42,"column":9}},{"start":{"line":37,"column":13},"end":{"line":42,"column":9}}],"line":33},"2":{"loc":{"start":{"line":33,"column":12},"end":{"line":33,"column":44}},"type":"binary-expr","locations":[{"start":{"line":33,"column":12},"end":{"line":33,"column":26}},{"start":{"line":33,"column":30},"end":{"line":33,"column":44}}],"line":33},"3":{"loc":{"start":{"line":37,"column":13},"end":{"line":42,"column":9}},"type":"if","locations":[{"start":{"line":37,"column":13},"end":{"line":42,"column":9}},{"start":{"line":40,"column":13},"end":{"line":42,"column":9}}],"line":37},"4":{"loc":{"start":{"line":37,"column":17},"end":{"line":37,"column":49}},"type":"binary-expr","locations":[{"start":{"line":37,"column":17},"end":{"line":37,"column":31}},{"start":{"line":37,"column":35},"end":{"line":37,"column":49}}],"line":37},"5":{"loc":{"start":{"line":48,"column":4},"end":{"line":62,"column":5}},"type":"if","locations":[{"start":{"line":48,"column":4},"end":{"line":62,"column":5}},{"start":{"line":60,"column":9},"end":{"line":62,"column":5}}],"line":48},"6":{"loc":{"start":{"line":50,"column":12},"end":{"line":57,"column":13}},"type":"if","locations":[{"start":{"line":50,"column":12},"end":{"line":57,"column":13}},{"start":{},"end":{}}],"line":50},"7":{"loc":{"start":{"line":52,"column":20},"end":{"line":55,"column":28}},"type":"if","locations":[{"start":{"line":52,"column":20},"end":{"line":55,"column":28}},{"start":{"line":55,"column":25},"end":{"line":55,"column":28}}],"line":52},"8":{"loc":{"start":{"line":67,"column":4},"end":{"line":86,"column":5}},"type":"if","locations":[{"start":{"line":67,"column":4},"end":{"line":86,"column":5}},{"start":{"line":84,"column":9},"end":{"line":86,"column":5}}],"line":67},"9":{"loc":{"start":{"line":69,"column":12},"end":{"line":81,"column":13}},"type":"if","locations":[{"start":{"line":69,"column":12},"end":{"line":81,"column":13}},{"start":{},"end":{}}],"line":69},"10":{"loc":{"start":{"line":71,"column":20},"end":{"line":79,"column":28}},"type":"if","locations":[{"start":{"line":71,"column":20},"end":{"line":79,"column":28}},{"start":{"line":79,"column":25},"end":{"line":79,"column":28}}],"line":71},"11":{"loc":{"start":{"line":72,"column":24},"end":{"line":77,"column":25}},"type":"if","locations":[{"start":{"line":72,"column":24},"end":{"line":77,"column":25}},{"start":{},"end":{}}],"line":72}},"s":{"0":1,"1":1,"2":1,"3":1,"4":1,"5":1,"6":1,"7":1,"8":1,"9":1,"10":44,"11":1,"12":0,"13":44,"14":0,"15":0,"16":0,"17":0,"18":0,"19":0,"20":0,"21":0,"22":0,"23":0,"24":0,"25":0,"26":0,"27":0,"28":0,"29":0,"30":43,"31":43,"32":43,"33":800,"34":43,"35":43,"36":800,"37":43,"38":0,"39":1,"40":1,"41":1,"42":2,"43":1,"44":1,"45":2,"46":1,"47":1,"48":1,"49":1,"50":1,"51":0},"f":{"0":44,"1":0,"2":44,"3":0,"4":43,"5":1},"b":{"0":[0,0],"1":[0,0],"2":[0,0],"3":[0,0],"4":[0,0],"5":[43,0],"6":[43,757],"7":[43,757],"8":[1,0],"9":[1,1],"10":[1,1],"11":[1,0]},"inputSourceMap":null,"_coverageSchema":"1a1c01bbd47fc00a2c39e90264f33305004495a9","hash":"440a114371ef24cef1d912bc2a140002f046b199"}
,"C:\\Users\\Predator\\OneDrive - Uppsala universitet\\Documents\\PKD\\Code\\PKD project code\\message-app\\friends\\shortest_path.js": {"path":"C:\\Users\\Predator\\OneDrive - Uppsala universitet\\Documents\\PKD\\Code\\PKD project code\\message-app\\friends\\shortest_path.js","statementMap":{"0":{"start":{"line":3,"column":0},"end":{"line":3,"column":62}},"1":{"start":{"line":4,"column":0},"end":{"line":4,"column":44}},"2":{"start":{"line":5,"column":13},"end":{"line":5,"column":35}},"3":{"start":{"line":6,"column":20},"end":{"line":6,"column":49}},"4":{"start":{"line":9,"column":17},"end":{"line":9,"column":28}},"5":{"start":{"line":10,"column":4},"end":{"line":12,"column":5}},"6":{"start":{"line":10,"column":17},"end":{"line":10,"column":18}},"7":{"start":{"line":11,"column":8},"end":{"line":11,"column":31}},"8":{"start":{"line":13,"column":4},"end":{"line":13,"column":18}},"9":{"start":{"line":21,"column":12},"end":{"line":21,"column":13}},"10":{"start":{"line":22,"column":11},"end":{"line":22,"column":12}},"11":{"start":{"line":23,"column":12},"end":{"line":23,"column":13}},"12":{"start":{"line":37,"column":14},"end":{"line":37,"column":20}},"13":{"start":{"line":37,"column":29},"end":{"line":37,"column":36}},"14":{"start":{"line":38,"column":17},"end":{"line":38,"column":21}},"15":{"start":{"line":39,"column":18},"end":{"line":39,"column":44}},"16":{"start":{"line":40,"column":17},"end":{"line":40,"column":66}},"17":{"start":{"line":40,"column":50},"end":{"line":40,"column":63}},"18":{"start":{"line":41,"column":23},"end":{"line":41,"column":85}},"19":{"start":{"line":41,"column":56},"end":{"line":41,"column":82}},"20":{"start":{"line":44,"column":8},"end":{"line":48,"column":10}},"21":{"start":{"line":45,"column":12},"end":{"line":45,"column":88}},"22":{"start":{"line":46,"column":12},"end":{"line":46,"column":35}},"23":{"start":{"line":47,"column":12},"end":{"line":47,"column":57}},"24":{"start":{"line":51,"column":4},"end":{"line":54,"column":12}},"25":{"start":{"line":52,"column":8},"end":{"line":52,"column":50}},"26":{"start":{"line":55,"column":4},"end":{"line":69,"column":5}},"27":{"start":{"line":57,"column":22},"end":{"line":57,"column":54}},"28":{"start":{"line":58,"column":8},"end":{"line":58,"column":44}},"29":{"start":{"line":59,"column":8},"end":{"line":63,"column":16}},"30":{"start":{"line":60,"column":12},"end":{"line":60,"column":43}},"31":{"start":{"line":61,"column":12},"end":{"line":61,"column":18}},"32":{"start":{"line":65,"column":35},"end":{"line":65,"column":119}},"33":{"start":{"line":65,"column":72},"end":{"line":65,"column":102}},"34":{"start":{"line":66,"column":8},"end":{"line":66,"column":85}},"35":{"start":{"line":68,"column":8},"end":{"line":68,"column":32}},"36":{"start":{"line":70,"column":4},"end":{"line":70,"column":18}}},"fnMap":{"0":{"name":"build_array","decl":{"start":{"line":8,"column":9},"end":{"line":8,"column":20}},"loc":{"start":{"line":8,"column":36},"end":{"line":14,"column":1}},"line":8},"1":{"name":"lg_shortest_path","decl":{"start":{"line":34,"column":9},"end":{"line":34,"column":25}},"loc":{"start":{"line":34,"column":44},"end":{"line":71,"column":1}},"line":34},"2":{"name":"(anonymous_2)","decl":{"start":{"line":40,"column":35},"end":{"line":40,"column":36}},"loc":{"start":{"line":40,"column":48},"end":{"line":40,"column":65}},"line":40},"3":{"name":"(anonymous_3)","decl":{"start":{"line":41,"column":41},"end":{"line":41,"column":42}},"loc":{"start":{"line":41,"column":54},"end":{"line":41,"column":84}},"line":41},"4":{"name":"bfs_visit","decl":{"start":{"line":43,"column":13},"end":{"line":43,"column":22}},"loc":{"start":{"line":43,"column":29},"end":{"line":49,"column":5}},"line":43},"5":{"name":"(anonymous_5)","decl":{"start":{"line":44,"column":15},"end":{"line":44,"column":16}},"loc":{"start":{"line":44,"column":34},"end":{"line":48,"column":9}},"line":44},"6":{"name":"(anonymous_6)","decl":{"start":{"line":65,"column":54},"end":{"line":65,"column":55}},"loc":{"start":{"line":65,"column":70},"end":{"line":65,"column":104}},"line":65}},"branchMap":{"0":{"loc":{"start":{"line":51,"column":4},"end":{"line":54,"column":12}},"type":"if","locations":[{"start":{"line":51,"column":4},"end":{"line":54,"column":12}},{"start":{"line":54,"column":9},"end":{"line":54,"column":12}}],"line":51},"1":{"loc":{"start":{"line":51,"column":10},"end":{"line":51,"column":40}},"type":"binary-expr","locations":[{"start":{"line":51,"column":10},"end":{"line":51,"column":25}},{"start":{"line":51,"column":29},"end":{"line":51,"column":40}}],"line":51},"2":{"loc":{"start":{"line":59,"column":8},"end":{"line":63,"column":16}},"type":"if","locations":[{"start":{"line":59,"column":8},"end":{"line":63,"column":16}},{"start":{"line":63,"column":13},"end":{"line":63,"column":16}}],"line":59}},"s":{"0":2,"1":2,"2":2,"3":2,"4":4,"5":4,"6":4,"7":24,"8":4,"9":2,"10":2,"11":2,"12":2,"13":2,"14":2,"15":2,"16":2,"17":12,"18":2,"19":12,"20":10,"21":11,"22":11,"23":11,"24":2,"25":2,"26":2,"27":10,"28":10,"29":10,"30":2,"31":2,"32":8,"33":19,"34":8,"35":8,"36":2},"f":{"0":4,"1":2,"2":12,"3":12,"4":10,"5":11,"6":19},"b":{"0":[2,0],"1":[2,2],"2":[2,8]},"inputSourceMap":null,"_coverageSchema":"1a1c01bbd47fc00a2c39e90264f33305004495a9","hash":"ed319730812763cde3da4b84c7f50d9837615eac"}
,"C:\\Users\\Predator\\OneDrive - Uppsala universitet\\Documents\\PKD\\Code\\PKD project code\\message-app\\friends\\suggested_friends.js": {"path":"C:\\Users\\Predator\\OneDrive - Uppsala universitet\\Documents\\PKD\\Code\\PKD project code\\message-app\\friends\\suggested_friends.js","statementMap":{"0":{"start":{"line":2,"column":0},"end":{"line":2,"column":62}},"1":{"start":{"line":3,"column":0},"end":{"line":3,"column":46}},"2":{"start":{"line":4,"column":13},"end":{"line":4,"column":35}},"3":{"start":{"line":5,"column":22},"end":{"line":5,"column":49}},"4":{"start":{"line":13,"column":34},"end":{"line":13,"column":36}},"5":{"start":{"line":14,"column":20},"end":{"line":14,"column":22}},"6":{"start":{"line":15,"column":4},"end":{"line":31,"column":5}},"7":{"start":{"line":15,"column":17},"end":{"line":15,"column":18}},"8":{"start":{"line":16,"column":21},"end":{"line":16,"column":78}},"9":{"start":{"line":17,"column":8},"end":{"line":30,"column":9}},"10":{"start":{"line":17,"column":21},"end":{"line":17,"column":22}},"11":{"start":{"line":18,"column":35},"end":{"line":18,"column":52}},"12":{"start":{"line":19,"column":12},"end":{"line":29,"column":13}},"13":{"start":{"line":20,"column":16},"end":{"line":20,"column":25}},"14":{"start":{"line":22,"column":17},"end":{"line":29,"column":13}},"15":{"start":{"line":23,"column":16},"end":{"line":23,"column":63}},"16":{"start":{"line":24,"column":16},"end":{"line":24,"column":70}},"17":{"start":{"line":27,"column":26},"end":{"line":27,"column":75}},"18":{"start":{"line":28,"column":16},"end":{"line":28,"column":106}},"19":{"start":{"line":32,"column":4},"end":{"line":32,"column":40}},"20":{"start":{"line":41,"column":17},"end":{"line":41,"column":19}},"21":{"start":{"line":42,"column":4},"end":{"line":50,"column":5}},"22":{"start":{"line":42,"column":17},"end":{"line":42,"column":18}},"23":{"start":{"line":43,"column":8},"end":{"line":49,"column":9}},"24":{"start":{"line":43,"column":21},"end":{"line":43,"column":22}},"25":{"start":{"line":44,"column":12},"end":{"line":48,"column":13}},"26":{"start":{"line":45,"column":27},"end":{"line":45,"column":45}},"27":{"start":{"line":46,"column":16},"end":{"line":46,"column":60}},"28":{"start":{"line":47,"column":16},"end":{"line":47,"column":46}},"29":{"start":{"line":51,"column":4},"end":{"line":56,"column":5}},"30":{"start":{"line":51,"column":17},"end":{"line":51,"column":18}},"31":{"start":{"line":52,"column":8},"end":{"line":55,"column":16}},"32":{"start":{"line":53,"column":12},"end":{"line":53,"column":68}},"33":{"start":{"line":57,"column":4},"end":{"line":60,"column":12}},"34":{"start":{"line":58,"column":8},"end":{"line":58,"column":25}},"35":{"start":{"line":61,"column":4},"end":{"line":61,"column":18}}},"fnMap":{"0":{"name":"suggested_friends","decl":{"start":{"line":12,"column":9},"end":{"line":12,"column":26}},"loc":{"start":{"line":12,"column":43},"end":{"line":33,"column":1}},"line":12},"1":{"name":"sort_by_frequency","decl":{"start":{"line":40,"column":9},"end":{"line":40,"column":26}},"loc":{"start":{"line":40,"column":44},"end":{"line":62,"column":1}},"line":40}},"branchMap":{"0":{"loc":{"start":{"line":19,"column":12},"end":{"line":29,"column":13}},"type":"if","locations":[{"start":{"line":19,"column":12},"end":{"line":29,"column":13}},{"start":{"line":22,"column":17},"end":{"line":29,"column":13}}],"line":19},"1":{"loc":{"start":{"line":19,"column":16},"end":{"line":19,"column":89}},"type":"binary-expr","locations":[{"start":{"line":19,"column":16},"end":{"line":19,"column":46}},{"start":{"line":19,"column":50},"end":{"line":19,"column":89}}],"line":19},"2":{"loc":{"start":{"line":22,"column":17},"end":{"line":29,"column":13}},"type":"if","locations":[{"start":{"line":22,"column":17},"end":{"line":29,"column":13}},{"start":{"line":26,"column":17},"end":{"line":29,"column":13}}],"line":22},"3":{"loc":{"start":{"line":44,"column":12},"end":{"line":48,"column":13}},"type":"if","locations":[{"start":{"line":44,"column":12},"end":{"line":48,"column":13}},{"start":{},"end":{}}],"line":44},"4":{"loc":{"start":{"line":52,"column":8},"end":{"line":55,"column":16}},"type":"if","locations":[{"start":{"line":52,"column":8},"end":{"line":55,"column":16}},{"start":{"line":55,"column":13},"end":{"line":55,"column":16}}],"line":52},"5":{"loc":{"start":{"line":57,"column":4},"end":{"line":60,"column":12}},"type":"if","locations":[{"start":{"line":57,"column":4},"end":{"line":60,"column":12}},{"start":{"line":60,"column":9},"end":{"line":60,"column":12}}],"line":57}},"s":{"0":1,"1":1,"2":1,"3":1,"4":1,"5":1,"6":1,"7":1,"8":1,"9":1,"10":1,"11":2,"12":2,"13":1,"14":1,"15":1,"16":1,"17":0,"18":0,"19":1,"20":1,"21":1,"22":1,"23":0,"24":0,"25":0,"26":0,"27":0,"28":0,"29":1,"30":1,"31":5,"32":1,"33":1,"34":0,"35":1},"f":{"0":1,"1":1},"b":{"0":[1,1],"1":[2,1],"2":[1,0],"3":[0,0],"4":[1,4],"5":[0,1]},"inputSourceMap":null,"_coverageSchema":"1a1c01bbd47fc00a2c39e90264f33305004495a9","hash":"1aa652534a11b934d8f5c64b60a70070ccc14ca7"}
,"C:\\Users\\Predator\\OneDrive - Uppsala universitet\\Documents\\PKD\\Code\\PKD project code\\message-app\\lib\\graphs.js": {"path":"C:\\Users\\Predator\\OneDrive - Uppsala universitet\\Documents\\PKD\\Code\\PKD project code\\message-app\\lib\\graphs.js","statementMap":{"0":{"start":{"line":2,"column":0},"end":{"line":2,"column":62}},"1":{"start":{"line":3,"column":0},"end":{"line":3,"column":32}},"2":{"start":{"line":4,"column":0},"end":{"line":4,"column":24}},"3":{"start":{"line":5,"column":0},"end":{"line":5,"column":38}},"4":{"start":{"line":6,"column":0},"end":{"line":6,"column":24}},"5":{"start":{"line":7,"column":0},"end":{"line":7,"column":38}},"6":{"start":{"line":8,"column":0},"end":{"line":8,"column":36}},"7":{"start":{"line":9,"column":0},"end":{"line":9,"column":48}},"8":{"start":{"line":10,"column":0},"end":{"line":10,"column":48}},"9":{"start":{"line":11,"column":0},"end":{"line":11,"column":48}},"10":{"start":{"line":12,"column":13},"end":{"line":12,"column":35}},"11":{"start":{"line":13,"column":20},"end":{"line":13,"column":49}},"12":{"start":{"line":21,"column":4},"end":{"line":32,"column":5}},"13":{"start":{"line":22,"column":8},"end":{"line":22,"column":18}},"14":{"start":{"line":24,"column":9},"end":{"line":32,"column":5}},"15":{"start":{"line":25,"column":8},"end":{"line":25,"column":48}},"16":{"start":{"line":28,"column":23},"end":{"line":28,"column":61}},"17":{"start":{"line":29,"column":23},"end":{"line":29,"column":61}},"18":{"start":{"line":30,"column":8},"end":{"line":31,"column":79}},"19":{"start":{"line":30,"column":118},"end":{"line":31,"column":51}},"20":{"start":{"line":36,"column":17},"end":{"line":36,"column":28}},"21":{"start":{"line":37,"column":4},"end":{"line":39,"column":5}},"22":{"start":{"line":37,"column":17},"end":{"line":37,"column":18}},"23":{"start":{"line":38,"column":8},"end":{"line":38,"column":31}},"24":{"start":{"line":40,"column":4},"end":{"line":40,"column":18}},"25":{"start":{"line":48,"column":4},"end":{"line":48,"column":126}},"26":{"start":{"line":48,"column":63},"end":{"line":48,"column":120}},"27":{"start":{"line":48,"column":103},"end":{"line":48,"column":116}},"28":{"start":{"line":58,"column":17},"end":{"line":58,"column":29}},"29":{"start":{"line":59,"column":4},"end":{"line":59,"column":118}},"30":{"start":{"line":59,"column":40},"end":{"line":59,"column":107}},"31":{"start":{"line":60,"column":4},"end":{"line":60,"column":18}},"32":{"start":{"line":68,"column":4},"end":{"line":68,"column":81}},"33":{"start":{"line":68,"column":63},"end":{"line":68,"column":75}},"34":{"start":{"line":78,"column":17},"end":{"line":78,"column":29}},"35":{"start":{"line":79,"column":4},"end":{"line":79,"column":163}},"36":{"start":{"line":79,"column":40},"end":{"line":79,"column":152}},"37":{"start":{"line":80,"column":4},"end":{"line":80,"column":18}},"38":{"start":{"line":88,"column":15},"end":{"line":88,"column":22}},"39":{"start":{"line":88,"column":30},"end":{"line":88,"column":36}},"40":{"start":{"line":89,"column":17},"end":{"line":89,"column":29}},"41":{"start":{"line":90,"column":4},"end":{"line":92,"column":5}},"42":{"start":{"line":90,"column":17},"end":{"line":90,"column":18}},"43":{"start":{"line":91,"column":8},"end":{"line":91,"column":114}},"44":{"start":{"line":91,"column":44},"end":{"line":91,"column":102}},"45":{"start":{"line":93,"column":4},"end":{"line":93,"column":18}},"46":{"start":{"line":102,"column":12},"end":{"line":102,"column":13}},"47":{"start":{"line":103,"column":11},"end":{"line":103,"column":12}},"48":{"start":{"line":104,"column":12},"end":{"line":104,"column":13}},"49":{"start":{"line":112,"column":14},"end":{"line":112,"column":20}},"50":{"start":{"line":112,"column":29},"end":{"line":112,"column":36}},"51":{"start":{"line":113,"column":4},"end":{"line":113,"column":44}},"52":{"start":{"line":113,"column":30},"end":{"line":113,"column":42}},"53":{"start":{"line":114,"column":17},"end":{"line":114,"column":43}},"54":{"start":{"line":115,"column":18},"end":{"line":115,"column":44}},"55":{"start":{"line":116,"column":17},"end":{"line":116,"column":66}},"56":{"start":{"line":116,"column":50},"end":{"line":116,"column":63}},"57":{"start":{"line":119,"column":8},"end":{"line":119,"column":31}},"58":{"start":{"line":120,"column":8},"end":{"line":120,"column":52}},"59":{"start":{"line":121,"column":8},"end":{"line":121,"column":53}},"60":{"start":{"line":124,"column":4},"end":{"line":124,"column":23}},"61":{"start":{"line":125,"column":4},"end":{"line":134,"column":5}},"62":{"start":{"line":127,"column":22},"end":{"line":127,"column":54}},"63":{"start":{"line":128,"column":8},"end":{"line":128,"column":44}},"64":{"start":{"line":130,"column":35},"end":{"line":130,"column":119}},"65":{"start":{"line":130,"column":72},"end":{"line":130,"column":102}},"66":{"start":{"line":131,"column":8},"end":{"line":131,"column":62}},"67":{"start":{"line":133,"column":8},"end":{"line":133,"column":32}},"68":{"start":{"line":135,"column":4},"end":{"line":135,"column":18}},"69":{"start":{"line":145,"column":14},"end":{"line":145,"column":20}},"70":{"start":{"line":145,"column":29},"end":{"line":145,"column":36}},"71":{"start":{"line":146,"column":4},"end":{"line":146,"column":59}},"72":{"start":{"line":146,"column":36},"end":{"line":146,"column":57}},"73":{"start":{"line":147,"column":17},"end":{"line":147,"column":43}},"74":{"start":{"line":148,"column":17},"end":{"line":148,"column":66}},"75":{"start":{"line":148,"column":50},"end":{"line":148,"column":63}},"76":{"start":{"line":149,"column":4},"end":{"line":153,"column":12}},"77":{"start":{"line":151,"column":8},"end":{"line":151,"column":59}},"78":{"start":{"line":156,"column":8},"end":{"line":162,"column":16}},"79":{"start":{"line":157,"column":12},"end":{"line":157,"column":35}},"80":{"start":{"line":158,"column":12},"end":{"line":158,"column":56}},"81":{"start":{"line":159,"column":12},"end":{"line":159,"column":58}},"82":{"start":{"line":160,"column":12},"end":{"line":160,"column":36}},"83":{"start":{"line":164,"column":4},"end":{"line":164,"column":51}},"84":{"start":{"line":165,"column":4},"end":{"line":165,"column":18}},"85":{"start":{"line":175,"column":14},"end":{"line":175,"column":20}},"86":{"start":{"line":175,"column":29},"end":{"line":175,"column":36}},"87":{"start":{"line":176,"column":4},"end":{"line":176,"column":59}},"88":{"start":{"line":176,"column":36},"end":{"line":176,"column":57}},"89":{"start":{"line":177,"column":17},"end":{"line":177,"column":43}},"90":{"start":{"line":178,"column":17},"end":{"line":178,"column":66}},"91":{"start":{"line":178,"column":50},"end":{"line":178,"column":63}},"92":{"start":{"line":179,"column":4},"end":{"line":182,"column":12}},"93":{"start":{"line":180,"column":8},"end":{"line":180,"column":59}},"94":{"start":{"line":185,"column":8},"end":{"line":196,"column":16}},"95":{"start":{"line":186,"column":12},"end":{"line":186,"column":35}},"96":{"start":{"line":187,"column":12},"end":{"line":187,"column":56}},"97":{"start":{"line":188,"column":12},"end":{"line":193,"column":13}},"98":{"start":{"line":188,"column":28},"end":{"line":188,"column":29}},"99":{"start":{"line":189,"column":16},"end":{"line":192,"column":24}},"100":{"start":{"line":190,"column":20},"end":{"line":190,"column":36}},"101":{"start":{"line":194,"column":12},"end":{"line":194,"column":36}},"102":{"start":{"line":198,"column":4},"end":{"line":198,"column":51}},"103":{"start":{"line":199,"column":4},"end":{"line":199,"column":18}}},"fnMap":{"0":{"name":"undirected","decl":{"start":{"line":20,"column":9},"end":{"line":20,"column":19}},"loc":{"start":{"line":20,"column":24},"end":{"line":33,"column":1}},"line":20},"1":{"name":"(anonymous_1)","decl":{"start":{"line":30,"column":100},"end":{"line":30,"column":101}},"loc":{"start":{"line":30,"column":116},"end":{"line":31,"column":53}},"line":30},"2":{"name":"build_array","decl":{"start":{"line":35,"column":9},"end":{"line":35,"column":20}},"loc":{"start":{"line":35,"column":36},"end":{"line":41,"column":1}},"line":35},"3":{"name":"mg_new","decl":{"start":{"line":47,"column":9},"end":{"line":47,"column":15}},"loc":{"start":{"line":47,"column":22},"end":{"line":49,"column":1}},"line":47},"4":{"name":"(anonymous_4)","decl":{"start":{"line":48,"column":48},"end":{"line":48,"column":49}},"loc":{"start":{"line":48,"column":61},"end":{"line":48,"column":122}},"line":48},"5":{"name":"(anonymous_5)","decl":{"start":{"line":48,"column":88},"end":{"line":48,"column":89}},"loc":{"start":{"line":48,"column":101},"end":{"line":48,"column":118}},"line":48},"6":{"name":"mg_from_edges","decl":{"start":{"line":57,"column":9},"end":{"line":57,"column":22}},"loc":{"start":{"line":57,"column":36},"end":{"line":61,"column":1}},"line":57},"7":{"name":"(anonymous_7)","decl":{"start":{"line":59,"column":25},"end":{"line":59,"column":26}},"loc":{"start":{"line":59,"column":38},"end":{"line":59,"column":109}},"line":59},"8":{"name":"lg_new","decl":{"start":{"line":67,"column":9},"end":{"line":67,"column":15}},"loc":{"start":{"line":67,"column":22},"end":{"line":69,"column":1}},"line":67},"9":{"name":"(anonymous_9)","decl":{"start":{"line":68,"column":48},"end":{"line":68,"column":49}},"loc":{"start":{"line":68,"column":61},"end":{"line":68,"column":77}},"line":68},"10":{"name":"lg_from_edges","decl":{"start":{"line":77,"column":9},"end":{"line":77,"column":22}},"loc":{"start":{"line":77,"column":36},"end":{"line":81,"column":1}},"line":77},"11":{"name":"(anonymous_11)","decl":{"start":{"line":79,"column":25},"end":{"line":79,"column":26}},"loc":{"start":{"line":79,"column":38},"end":{"line":79,"column":154}},"line":79},"12":{"name":"lg_transpose","decl":{"start":{"line":87,"column":9},"end":{"line":87,"column":21}},"loc":{"start":{"line":87,"column":26},"end":{"line":94,"column":1}},"line":87},"13":{"name":"(anonymous_13)","decl":{"start":{"line":91,"column":29},"end":{"line":91,"column":30}},"loc":{"start":{"line":91,"column":42},"end":{"line":91,"column":104}},"line":91},"14":{"name":"lg_bfs_visit_order","decl":{"start":{"line":111,"column":9},"end":{"line":111,"column":27}},"loc":{"start":{"line":111,"column":41},"end":{"line":136,"column":1}},"line":111},"15":{"name":"(anonymous_15)","decl":{"start":{"line":116,"column":35},"end":{"line":116,"column":36}},"loc":{"start":{"line":116,"column":48},"end":{"line":116,"column":65}},"line":116},"16":{"name":"bfs_visit","decl":{"start":{"line":118,"column":13},"end":{"line":118,"column":22}},"loc":{"start":{"line":118,"column":32},"end":{"line":122,"column":5}},"line":118},"17":{"name":"(anonymous_17)","decl":{"start":{"line":130,"column":54},"end":{"line":130,"column":55}},"loc":{"start":{"line":130,"column":70},"end":{"line":130,"column":104}},"line":130},"18":{"name":"lg_dfs_visit_order","decl":{"start":{"line":144,"column":9},"end":{"line":144,"column":27}},"loc":{"start":{"line":144,"column":47},"end":{"line":166,"column":1}},"line":144},"19":{"name":"(anonymous_19)","decl":{"start":{"line":148,"column":35},"end":{"line":148,"column":36}},"loc":{"start":{"line":148,"column":48},"end":{"line":148,"column":65}},"line":148},"20":{"name":"dfs_visit","decl":{"start":{"line":155,"column":13},"end":{"line":155,"column":22}},"loc":{"start":{"line":155,"column":32},"end":{"line":163,"column":5}},"line":155},"21":{"name":"mg_dfs_visit_order","decl":{"start":{"line":174,"column":9},"end":{"line":174,"column":27}},"loc":{"start":{"line":174,"column":47},"end":{"line":200,"column":1}},"line":174},"22":{"name":"(anonymous_22)","decl":{"start":{"line":178,"column":35},"end":{"line":178,"column":36}},"loc":{"start":{"line":178,"column":48},"end":{"line":178,"column":65}},"line":178},"23":{"name":"dfs_visit","decl":{"start":{"line":184,"column":13},"end":{"line":184,"column":22}},"loc":{"start":{"line":184,"column":32},"end":{"line":197,"column":5}},"line":184}},"branchMap":{"0":{"loc":{"start":{"line":21,"column":4},"end":{"line":32,"column":5}},"type":"if","locations":[{"start":{"line":21,"column":4},"end":{"line":32,"column":5}},{"start":{"line":24,"column":9},"end":{"line":32,"column":5}}],"line":21},"1":{"loc":{"start":{"line":24,"column":9},"end":{"line":32,"column":5}},"type":"if","locations":[{"start":{"line":24,"column":9},"end":{"line":32,"column":5}},{"start":{"line":27,"column":9},"end":{"line":32,"column":5}}],"line":24},"2":{"loc":{"start":{"line":30,"column":125},"end":{"line":31,"column":50}},"type":"binary-expr","locations":[{"start":{"line":30,"column":125},"end":{"line":30,"column":160}},{"start":{"line":31,"column":15},"end":{"line":31,"column":50}}],"line":30},"3":{"loc":{"start":{"line":113,"column":4},"end":{"line":113,"column":44}},"type":"if","locations":[{"start":{"line":113,"column":4},"end":{"line":113,"column":44}},{"start":{},"end":{}}],"line":113},"4":{"loc":{"start":{"line":146,"column":4},"end":{"line":146,"column":59}},"type":"if","locations":[{"start":{"line":146,"column":4},"end":{"line":146,"column":59}},{"start":{},"end":{}}],"line":146},"5":{"loc":{"start":{"line":149,"column":4},"end":{"line":153,"column":12}},"type":"if","locations":[{"start":{"line":149,"column":4},"end":{"line":153,"column":12}},{"start":{"line":153,"column":9},"end":{"line":153,"column":12}}],"line":149},"6":{"loc":{"start":{"line":156,"column":8},"end":{"line":162,"column":16}},"type":"if","locations":[{"start":{"line":156,"column":8},"end":{"line":162,"column":16}},{"start":{"line":162,"column":13},"end":{"line":162,"column":16}}],"line":156},"7":{"loc":{"start":{"line":176,"column":4},"end":{"line":176,"column":59}},"type":"if","locations":[{"start":{"line":176,"column":4},"end":{"line":176,"column":59}},{"start":{},"end":{}}],"line":176},"8":{"loc":{"start":{"line":179,"column":4},"end":{"line":182,"column":12}},"type":"if","locations":[{"start":{"line":179,"column":4},"end":{"line":182,"column":12}},{"start":{"line":182,"column":9},"end":{"line":182,"column":12}}],"line":179},"9":{"loc":{"start":{"line":185,"column":8},"end":{"line":196,"column":16}},"type":"if","locations":[{"start":{"line":185,"column":8},"end":{"line":196,"column":16}},{"start":{"line":196,"column":13},"end":{"line":196,"column":16}}],"line":185},"10":{"loc":{"start":{"line":189,"column":16},"end":{"line":192,"column":24}},"type":"if","locations":[{"start":{"line":189,"column":16},"end":{"line":192,"column":24}},{"start":{"line":192,"column":21},"end":{"line":192,"column":24}}],"line":189}},"s":{"0":2,"1":2,"2":2,"3":2,"4":2,"5":2,"6":2,"7":2,"8":2,"9":2,"10":2,"11":2,"12":0,"13":0,"14":0,"15":0,"16":0,"17":0,"18":0,"19":0,"20":2,"21":2,"22":2,"23":12,"24":2,"25":0,"26":0,"27":0,"28":0,"29":0,"30":0,"31":0,"32":2,"33":12,"34":0,"35":0,"36":0,"37":0,"38":0,"39":0,"40":0,"41":0,"42":0,"43":0,"44":0,"45":0,"46":2,"47":2,"48":2,"49":0,"50":0,"51":0,"52":0,"53":0,"54":0,"55":0,"56":0,"57":0,"58":0,"59":0,"60":0,"61":0,"62":0,"63":0,"64":0,"65":0,"66":0,"67":0,"68":0,"69":0,"70":0,"71":0,"72":0,"73":0,"74":0,"75":0,"76":0,"77":0,"78":0,"79":0,"80":0,"81":0,"82":0,"83":0,"84":0,"85":0,"86":0,"87":0,"88":0,"89":0,"90":0,"91":0,"92":0,"93":0,"94":0,"95":0,"96":0,"97":0,"98":0,"99":0,"100":0,"101":0,"102":0,"103":0},"f":{"0":0,"1":0,"2":2,"3":0,"4":0,"5":0,"6":0,"7":0,"8":2,"9":12,"10":0,"11":0,"12":0,"13":0,"14":0,"15":0,"16":0,"17":0,"18":0,"19":0,"20":0,"21":0,"22":0,"23":0},"b":{"0":[0,0],"1":[0,0],"2":[0,0],"3":[0,0],"4":[0,0],"5":[0,0],"6":[0,0],"7":[0,0],"8":[0,0],"9":[0,0],"10":[0,0]},"inputSourceMap":null,"_coverageSchema":"1a1c01bbd47fc00a2c39e90264f33305004495a9","hash":"9f80f0162b238fd39495f1a4a6023c252f5124f0"}
,"C:\\Users\\Predator\\OneDrive - Uppsala universitet\\Documents\\PKD\\Code\\PKD project code\\message-app\\lib\\list.js": {"path":"C:\\Users\\Predator\\OneDrive - Uppsala universitet\\Documents\\PKD\\Code\\PKD project code\\message-app\\lib\\list.js","statementMap":{"0":{"start":{"line":3,"column":0},"end":{"line":3,"column":62}},"1":{"start":{"line":4,"column":0},"end":{"line":4,"column":20}},"2":{"start":{"line":5,"column":0},"end":{"line":5,"column":20}},"3":{"start":{"line":6,"column":0},"end":{"line":6,"column":20}},"4":{"start":{"line":7,"column":0},"end":{"line":7,"column":26}},"5":{"start":{"line":8,"column":0},"end":{"line":8,"column":20}},"6":{"start":{"line":9,"column":0},"end":{"line":9,"column":30}},"7":{"start":{"line":10,"column":0},"end":{"line":10,"column":24}},"8":{"start":{"line":11,"column":0},"end":{"line":11,"column":18}},"9":{"start":{"line":12,"column":0},"end":{"line":12,"column":32}},"10":{"start":{"line":13,"column":0},"end":{"line":13,"column":28}},"11":{"start":{"line":14,"column":0},"end":{"line":14,"column":26}},"12":{"start":{"line":15,"column":0},"end":{"line":15,"column":24}},"13":{"start":{"line":16,"column":0},"end":{"line":16,"column":24}},"14":{"start":{"line":17,"column":0},"end":{"line":17,"column":24}},"15":{"start":{"line":18,"column":0},"end":{"line":18,"column":32}},"16":{"start":{"line":19,"column":0},"end":{"line":19,"column":24}},"17":{"start":{"line":20,"column":0},"end":{"line":20,"column":18}},"18":{"start":{"line":21,"column":0},"end":{"line":21,"column":30}},"19":{"start":{"line":22,"column":0},"end":{"line":22,"column":28}},"20":{"start":{"line":23,"column":0},"end":{"line":23,"column":32}},"21":{"start":{"line":24,"column":0},"end":{"line":24,"column":30}},"22":{"start":{"line":25,"column":0},"end":{"line":25,"column":26}},"23":{"start":{"line":35,"column":4},"end":{"line":35,"column":20}},"24":{"start":{"line":43,"column":4},"end":{"line":43,"column":16}},"25":{"start":{"line":51,"column":4},"end":{"line":51,"column":16}},"26":{"start":{"line":59,"column":4},"end":{"line":59,"column":22}},"27":{"start":{"line":69,"column":19},"end":{"line":69,"column":21}},"28":{"start":{"line":70,"column":4},"end":{"line":72,"column":5}},"29":{"start":{"line":70,"column":18},"end":{"line":70,"column":19}},"30":{"start":{"line":71,"column":8},"end":{"line":71,"column":37}},"31":{"start":{"line":73,"column":14},"end":{"line":73,"column":18}},"32":{"start":{"line":74,"column":4},"end":{"line":76,"column":5}},"33":{"start":{"line":74,"column":17},"end":{"line":74,"column":36}},"34":{"start":{"line":75,"column":8},"end":{"line":75,"column":37}},"35":{"start":{"line":77,"column":4},"end":{"line":77,"column":15}},"36":{"start":{"line":86,"column":4},"end":{"line":86,"column":16}},"37":{"start":{"line":96,"column":17},"end":{"line":96,"column":24}},"38":{"start":{"line":97,"column":8},"end":{"line":99,"column":41}},"39":{"start":{"line":101,"column":4},"end":{"line":106,"column":5}},"40":{"start":{"line":102,"column":8},"end":{"line":102,"column":24}},"41":{"start":{"line":105,"column":8},"end":{"line":105,"column":41}},"42":{"start":{"line":117,"column":8},"end":{"line":117,"column":62}},"43":{"start":{"line":119,"column":4},"end":{"line":119,"column":26}},"44":{"start":{"line":132,"column":8},"end":{"line":134,"column":56}},"45":{"start":{"line":136,"column":4},"end":{"line":136,"column":29}},"46":{"start":{"line":148,"column":8},"end":{"line":150,"column":67}},"47":{"start":{"line":152,"column":4},"end":{"line":152,"column":41}},"48":{"start":{"line":163,"column":4},"end":{"line":166,"column":5}},"49":{"start":{"line":164,"column":8},"end":{"line":164,"column":22}},"50":{"start":{"line":165,"column":8},"end":{"line":165,"column":22}},"51":{"start":{"line":177,"column":8},"end":{"line":179,"column":71}},"52":{"start":{"line":181,"column":4},"end":{"line":181,"column":30}},"53":{"start":{"line":194,"column":8},"end":{"line":196,"column":88}},"54":{"start":{"line":196,"column":52},"end":{"line":196,"column":84}},"55":{"start":{"line":198,"column":4},"end":{"line":198,"column":57}},"56":{"start":{"line":198,"column":43},"end":{"line":198,"column":53}},"57":{"start":{"line":210,"column":4},"end":{"line":214,"column":37}},"58":{"start":{"line":227,"column":18},"end":{"line":227,"column":24}},"59":{"start":{"line":228,"column":18},"end":{"line":228,"column":25}},"60":{"start":{"line":229,"column":8},"end":{"line":233,"column":60}},"61":{"start":{"line":235,"column":4},"end":{"line":235,"column":35}},"62":{"start":{"line":248,"column":18},"end":{"line":248,"column":24}},"63":{"start":{"line":249,"column":18},"end":{"line":249,"column":25}},"64":{"start":{"line":250,"column":8},"end":{"line":254,"column":64}},"65":{"start":{"line":256,"column":4},"end":{"line":256,"column":36}},"66":{"start":{"line":269,"column":8},"end":{"line":273,"column":47}},"67":{"start":{"line":275,"column":4},"end":{"line":275,"column":35}},"68":{"start":{"line":285,"column":4},"end":{"line":285,"column":70}},"69":{"start":{"line":297,"column":18},"end":{"line":297,"column":25}},"70":{"start":{"line":298,"column":8},"end":{"line":300,"column":59}},"71":{"start":{"line":302,"column":4},"end":{"line":302,"column":40}},"72":{"start":{"line":314,"column":4},"end":{"line":318,"column":40}},"73":{"start":{"line":335,"column":8},"end":{"line":337,"column":97}},"74":{"start":{"line":337,"column":64},"end":{"line":337,"column":93}},"75":{"start":{"line":339,"column":4},"end":{"line":339,"column":68}},"76":{"start":{"line":339,"column":55},"end":{"line":339,"column":64}},"77":{"start":{"line":355,"column":4},"end":{"line":357,"column":55}},"78":{"start":{"line":366,"column":4},"end":{"line":366,"column":49}}},"fnMap":{"0":{"name":"pair","decl":{"start":{"line":34,"column":9},"end":{"line":34,"column":13}},"loc":{"start":{"line":34,"column":22},"end":{"line":36,"column":1}},"line":34},"1":{"name":"head","decl":{"start":{"line":42,"column":9},"end":{"line":42,"column":13}},"loc":{"start":{"line":42,"column":17},"end":{"line":44,"column":1}},"line":42},"2":{"name":"tail","decl":{"start":{"line":50,"column":9},"end":{"line":50,"column":13}},"loc":{"start":{"line":50,"column":17},"end":{"line":52,"column":1}},"line":50},"3":{"name":"is_null","decl":{"start":{"line":58,"column":9},"end":{"line":58,"column":16}},"loc":{"start":{"line":58,"column":20},"end":{"line":60,"column":1}},"line":58},"4":{"name":"list","decl":{"start":{"line":68,"column":9},"end":{"line":68,"column":13}},"loc":{"start":{"line":68,"column":16},"end":{"line":78,"column":1}},"line":68},"5":{"name":"empty_list","decl":{"start":{"line":85,"column":9},"end":{"line":85,"column":19}},"loc":{"start":{"line":85,"column":22},"end":{"line":87,"column":1}},"line":85},"6":{"name":"to_string","decl":{"start":{"line":94,"column":9},"end":{"line":94,"column":18}},"loc":{"start":{"line":94,"column":23},"end":{"line":107,"column":1}},"line":94},"7":{"name":"print","decl":{"start":{"line":95,"column":13},"end":{"line":95,"column":18}},"loc":{"start":{"line":95,"column":22},"end":{"line":100,"column":5}},"line":95},"8":{"name":"length","decl":{"start":{"line":115,"column":9},"end":{"line":115,"column":15}},"loc":{"start":{"line":115,"column":20},"end":{"line":120,"column":1}},"line":115},"9":{"name":"$length","decl":{"start":{"line":116,"column":13},"end":{"line":116,"column":20}},"loc":{"start":{"line":116,"column":30},"end":{"line":118,"column":5}},"line":116},"10":{"name":"map","decl":{"start":{"line":130,"column":9},"end":{"line":130,"column":12}},"loc":{"start":{"line":130,"column":20},"end":{"line":137,"column":1}},"line":130},"11":{"name":"$map","decl":{"start":{"line":131,"column":13},"end":{"line":131,"column":17}},"loc":{"start":{"line":131,"column":30},"end":{"line":135,"column":5}},"line":131},"12":{"name":"build_list","decl":{"start":{"line":146,"column":9},"end":{"line":146,"column":19}},"loc":{"start":{"line":146,"column":28},"end":{"line":153,"column":1}},"line":146},"13":{"name":"$build_list","decl":{"start":{"line":147,"column":13},"end":{"line":147,"column":24}},"loc":{"start":{"line":147,"column":48},"end":{"line":151,"column":5}},"line":147},"14":{"name":"for_each","decl":{"start":{"line":162,"column":9},"end":{"line":162,"column":17}},"loc":{"start":{"line":162,"column":27},"end":{"line":167,"column":1}},"line":162},"15":{"name":"reverse","decl":{"start":{"line":175,"column":9},"end":{"line":175,"column":16}},"loc":{"start":{"line":175,"column":21},"end":{"line":182,"column":1}},"line":175},"16":{"name":"$reverse","decl":{"start":{"line":176,"column":13},"end":{"line":176,"column":21}},"loc":{"start":{"line":176,"column":42},"end":{"line":180,"column":5}},"line":176},"17":{"name":"append","decl":{"start":{"line":192,"column":9},"end":{"line":192,"column":15}},"loc":{"start":{"line":192,"column":24},"end":{"line":199,"column":1}},"line":192},"18":{"name":"$append","decl":{"start":{"line":193,"column":13},"end":{"line":193,"column":20}},"loc":{"start":{"line":193,"column":35},"end":{"line":197,"column":5}},"line":193},"19":{"name":"(anonymous_19)","decl":{"start":{"line":196,"column":36},"end":{"line":196,"column":37}},"loc":{"start":{"line":196,"column":50},"end":{"line":196,"column":86}},"line":196},"20":{"name":"(anonymous_20)","decl":{"start":{"line":198,"column":27},"end":{"line":198,"column":28}},"loc":{"start":{"line":198,"column":41},"end":{"line":198,"column":55}},"line":198},"21":{"name":"member","decl":{"start":{"line":209,"column":9},"end":{"line":209,"column":15}},"loc":{"start":{"line":209,"column":26},"end":{"line":215,"column":1}},"line":209},"22":{"name":"remove","decl":{"start":{"line":224,"column":9},"end":{"line":224,"column":15}},"loc":{"start":{"line":224,"column":26},"end":{"line":236,"column":1}},"line":224},"23":{"name":"$remove","decl":{"start":{"line":225,"column":13},"end":{"line":225,"column":20}},"loc":{"start":{"line":225,"column":33},"end":{"line":234,"column":5}},"line":225},"24":{"name":"remove_all","decl":{"start":{"line":245,"column":9},"end":{"line":245,"column":19}},"loc":{"start":{"line":245,"column":27},"end":{"line":257,"column":1}},"line":245},"25":{"name":"$remove_all","decl":{"start":{"line":246,"column":13},"end":{"line":246,"column":24}},"loc":{"start":{"line":246,"column":37},"end":{"line":255,"column":5}},"line":246},"26":{"name":"filter","decl":{"start":{"line":267,"column":9},"end":{"line":267,"column":15}},"loc":{"start":{"line":267,"column":26},"end":{"line":276,"column":1}},"line":267},"27":{"name":"$filter","decl":{"start":{"line":268,"column":13},"end":{"line":268,"column":20}},"loc":{"start":{"line":268,"column":36},"end":{"line":274,"column":5}},"line":268},"28":{"name":"all","decl":{"start":{"line":284,"column":9},"end":{"line":284,"column":12}},"loc":{"start":{"line":284,"column":23},"end":{"line":286,"column":1}},"line":284},"29":{"name":"enum_list","decl":{"start":{"line":294,"column":9},"end":{"line":294,"column":18}},"loc":{"start":{"line":294,"column":31},"end":{"line":303,"column":1}},"line":294},"30":{"name":"$enum_list","decl":{"start":{"line":295,"column":13},"end":{"line":295,"column":23}},"loc":{"start":{"line":295,"column":41},"end":{"line":301,"column":5}},"line":295},"31":{"name":"list_ref","decl":{"start":{"line":313,"column":9},"end":{"line":313,"column":17}},"loc":{"start":{"line":313,"column":25},"end":{"line":319,"column":1}},"line":313},"32":{"name":"accumulate","decl":{"start":{"line":333,"column":9},"end":{"line":333,"column":19}},"loc":{"start":{"line":333,"column":37},"end":{"line":340,"column":1}},"line":333},"33":{"name":"$accumulate","decl":{"start":{"line":334,"column":13},"end":{"line":334,"column":24}},"loc":{"start":{"line":334,"column":48},"end":{"line":338,"column":5}},"line":334},"34":{"name":"(anonymous_34)","decl":{"start":{"line":337,"column":49},"end":{"line":337,"column":50}},"loc":{"start":{"line":337,"column":62},"end":{"line":337,"column":95}},"line":337},"35":{"name":"(anonymous_35)","decl":{"start":{"line":339,"column":40},"end":{"line":339,"column":41}},"loc":{"start":{"line":339,"column":53},"end":{"line":339,"column":66}},"line":339},"36":{"name":"fold_left","decl":{"start":{"line":354,"column":9},"end":{"line":354,"column":18}},"loc":{"start":{"line":354,"column":35},"end":{"line":358,"column":1}},"line":354},"37":{"name":"flatten","decl":{"start":{"line":365,"column":9},"end":{"line":365,"column":16}},"loc":{"start":{"line":365,"column":22},"end":{"line":367,"column":1}},"line":365}},"branchMap":{"0":{"loc":{"start":{"line":97,"column":15},"end":{"line":99,"column":40}},"type":"cond-expr","locations":[{"start":{"line":98,"column":14},"end":{"line":98,"column":26}},{"start":{"line":99,"column":14},"end":{"line":99,"column":40}}],"line":97},"1":{"loc":{"start":{"line":101,"column":4},"end":{"line":106,"column":5}},"type":"if","locations":[{"start":{"line":101,"column":4},"end":{"line":106,"column":5}},{"start":{"line":104,"column":9},"end":{"line":106,"column":5}}],"line":101},"2":{"loc":{"start":{"line":117,"column":15},"end":{"line":117,"column":61}},"type":"cond-expr","locations":[{"start":{"line":117,"column":29},"end":{"line":117,"column":32}},{"start":{"line":117,"column":35},"end":{"line":117,"column":61}}],"line":117},"3":{"loc":{"start":{"line":132,"column":15},"end":{"line":134,"column":55}},"type":"cond-expr","locations":[{"start":{"line":133,"column":14},"end":{"line":133,"column":26}},{"start":{"line":134,"column":14},"end":{"line":134,"column":55}}],"line":132},"4":{"loc":{"start":{"line":148,"column":15},"end":{"line":150,"column":66}},"type":"cond-expr","locations":[{"start":{"line":149,"column":14},"end":{"line":149,"column":27}},{"start":{"line":150,"column":14},"end":{"line":150,"column":66}}],"line":148},"5":{"loc":{"start":{"line":177,"column":15},"end":{"line":179,"column":70}},"type":"cond-expr","locations":[{"start":{"line":178,"column":14},"end":{"line":178,"column":22}},{"start":{"line":179,"column":14},"end":{"line":179,"column":70}}],"line":177},"6":{"loc":{"start":{"line":194,"column":15},"end":{"line":196,"column":87}},"type":"cond-expr","locations":[{"start":{"line":195,"column":14},"end":{"line":195,"column":22}},{"start":{"line":196,"column":14},"end":{"line":196,"column":87}}],"line":194},"7":{"loc":{"start":{"line":210,"column":11},"end":{"line":214,"column":36}},"type":"cond-expr","locations":[{"start":{"line":211,"column":10},"end":{"line":211,"column":14}},{"start":{"line":212,"column":10},"end":{"line":214,"column":36}}],"line":210},"8":{"loc":{"start":{"line":212,"column":10},"end":{"line":214,"column":36}},"type":"cond-expr","locations":[{"start":{"line":213,"column":14},"end":{"line":213,"column":16}},{"start":{"line":214,"column":14},"end":{"line":214,"column":36}}],"line":212},"9":{"loc":{"start":{"line":229,"column":15},"end":{"line":233,"column":59}},"type":"cond-expr","locations":[{"start":{"line":230,"column":14},"end":{"line":230,"column":31}},{"start":{"line":231,"column":14},"end":{"line":233,"column":59}}],"line":229},"10":{"loc":{"start":{"line":231,"column":14},"end":{"line":233,"column":59}},"type":"cond-expr","locations":[{"start":{"line":232,"column":18},"end":{"line":232,"column":41}},{"start":{"line":233,"column":18},"end":{"line":233,"column":59}}],"line":231},"11":{"loc":{"start":{"line":250,"column":15},"end":{"line":254,"column":63}},"type":"cond-expr","locations":[{"start":{"line":251,"column":14},"end":{"line":251,"column":31}},{"start":{"line":252,"column":14},"end":{"line":254,"column":63}}],"line":250},"12":{"loc":{"start":{"line":252,"column":14},"end":{"line":254,"column":63}},"type":"cond-expr","locations":[{"start":{"line":253,"column":18},"end":{"line":253,"column":47}},{"start":{"line":254,"column":18},"end":{"line":254,"column":63}}],"line":252},"13":{"loc":{"start":{"line":269,"column":15},"end":{"line":273,"column":46}},"type":"cond-expr","locations":[{"start":{"line":270,"column":14},"end":{"line":270,"column":26}},{"start":{"line":271,"column":14},"end":{"line":273,"column":46}}],"line":269},"14":{"loc":{"start":{"line":271,"column":14},"end":{"line":273,"column":46}},"type":"cond-expr","locations":[{"start":{"line":272,"column":18},"end":{"line":272,"column":62}},{"start":{"line":273,"column":18},"end":{"line":273,"column":46}}],"line":271},"15":{"loc":{"start":{"line":285,"column":11},"end":{"line":285,"column":69}},"type":"cond-expr","locations":[{"start":{"line":285,"column":25},"end":{"line":285,"column":29}},{"start":{"line":285,"column":32},"end":{"line":285,"column":69}}],"line":285},"16":{"loc":{"start":{"line":285,"column":32},"end":{"line":285,"column":69}},"type":"binary-expr","locations":[{"start":{"line":285,"column":32},"end":{"line":285,"column":46}},{"start":{"line":285,"column":50},"end":{"line":285,"column":69}}],"line":285},"17":{"loc":{"start":{"line":298,"column":15},"end":{"line":300,"column":58}},"type":"cond-expr","locations":[{"start":{"line":299,"column":14},"end":{"line":299,"column":22}},{"start":{"line":300,"column":14},"end":{"line":300,"column":58}}],"line":298},"18":{"loc":{"start":{"line":314,"column":11},"end":{"line":318,"column":39}},"type":"cond-expr","locations":[{"start":{"line":315,"column":10},"end":{"line":315,"column":19}},{"start":{"line":316,"column":10},"end":{"line":318,"column":39}}],"line":314},"19":{"loc":{"start":{"line":316,"column":10},"end":{"line":318,"column":39}},"type":"cond-expr","locations":[{"start":{"line":317,"column":14},"end":{"line":317,"column":22}},{"start":{"line":318,"column":14},"end":{"line":318,"column":39}}],"line":316},"20":{"loc":{"start":{"line":335,"column":15},"end":{"line":337,"column":96}},"type":"cond-expr","locations":[{"start":{"line":336,"column":14},"end":{"line":336,"column":27}},{"start":{"line":337,"column":14},"end":{"line":337,"column":96}}],"line":335},"21":{"loc":{"start":{"line":355,"column":11},"end":{"line":357,"column":54}},"type":"cond-expr","locations":[{"start":{"line":356,"column":10},"end":{"line":356,"column":17}},{"start":{"line":357,"column":10},"end":{"line":357,"column":54}}],"line":355}},"s":{"0":2,"1":2,"2":2,"3":2,"4":2,"5":2,"6":2,"7":2,"8":2,"9":2,"10":2,"11":2,"12":2,"13":2,"14":2,"15":2,"16":2,"17":2,"18":2,"19":2,"20":2,"21":2,"22":2,"23":89,"24":85,"25":82,"26":123,"27":23,"28":23,"29":23,"30":11,"31":23,"32":23,"33":23,"34":11,"35":23,"36":0,"37":0,"38":0,"39":0,"40":0,"41":0,"42":0,"43":0,"44":9,"45":2,"46":0,"47":0,"48":8,"49":9,"50":9,"51":26,"52":10,"53":28,"54":17,"55":11,"56":11,"57":0,"58":0,"59":0,"60":0,"61":0,"62":0,"63":0,"64":0,"65":0,"66":27,"67":8,"68":0,"69":0,"70":0,"71":0,"72":0,"73":0,"74":0,"75":0,"76":0,"77":0,"78":0},"f":{"0":89,"1":85,"2":82,"3":123,"4":23,"5":0,"6":0,"7":0,"8":0,"9":0,"10":2,"11":9,"12":0,"13":0,"14":8,"15":10,"16":26,"17":11,"18":28,"19":17,"20":11,"21":0,"22":0,"23":0,"24":0,"25":0,"26":8,"27":27,"28":0,"29":0,"30":0,"31":0,"32":0,"33":0,"34":0,"35":0,"36":0,"37":0},"b":{"0":[0,0],"1":[0,0],"2":[0,0],"3":[2,7],"4":[0,0],"5":[10,16],"6":[11,17],"7":[0,0],"8":[0,0],"9":[0,0],"10":[0,0],"11":[0,0],"12":[0,0],"13":[8,19],"14":[9,10],"15":[0,0],"16":[0,0],"17":[0,0],"18":[0,0],"19":[0,0],"20":[0,0],"21":[0,0]},"inputSourceMap":null,"_coverageSchema":"1a1c01bbd47fc00a2c39e90264f33305004495a9","hash":"0b44ea567047d3ed219a8be5229c2936d0742d9c"}
,"C:\\Users\\Predator\\OneDrive - Uppsala universitet\\Documents\\PKD\\Code\\PKD project code\\message-app\\lib\\queue_array.js": {"path":"C:\\Users\\Predator\\OneDrive - Uppsala universitet\\Documents\\PKD\\Code\\PKD project code\\message-app\\lib\\queue_array.js","statementMap":{"0":{"start":{"line":2,"column":0},"end":{"line":2,"column":62}},"1":{"start":{"line":3,"column":0},"end":{"line":3,"column":22}},"2":{"start":{"line":4,"column":0},"end":{"line":4,"column":28}},"3":{"start":{"line":5,"column":0},"end":{"line":5,"column":26}},"4":{"start":{"line":6,"column":0},"end":{"line":6,"column":20}},"5":{"start":{"line":7,"column":0},"end":{"line":7,"column":26}},"6":{"start":{"line":8,"column":0},"end":{"line":8,"column":38}},"7":{"start":{"line":15,"column":4},"end":{"line":15,"column":22}},"8":{"start":{"line":24,"column":4},"end":{"line":24,"column":25}},"9":{"start":{"line":34,"column":21},"end":{"line":34,"column":25}},"10":{"start":{"line":35,"column":4},"end":{"line":35,"column":25}},"11":{"start":{"line":36,"column":4},"end":{"line":36,"column":26}},"12":{"start":{"line":46,"column":21},"end":{"line":46,"column":25}},"13":{"start":{"line":47,"column":4},"end":{"line":47,"column":28}},"14":{"start":{"line":57,"column":21},"end":{"line":57,"column":25}},"15":{"start":{"line":58,"column":4},"end":{"line":58,"column":26}},"16":{"start":{"line":66,"column":4},"end":{"line":66,"column":40}}},"fnMap":{"0":{"name":"empty","decl":{"start":{"line":14,"column":9},"end":{"line":14,"column":14}},"loc":{"start":{"line":14,"column":17},"end":{"line":16,"column":1}},"line":14},"1":{"name":"is_empty","decl":{"start":{"line":23,"column":9},"end":{"line":23,"column":17}},"loc":{"start":{"line":23,"column":21},"end":{"line":25,"column":1}},"line":23},"2":{"name":"enqueue","decl":{"start":{"line":33,"column":9},"end":{"line":33,"column":16}},"loc":{"start":{"line":33,"column":23},"end":{"line":37,"column":1}},"line":33},"3":{"name":"head","decl":{"start":{"line":45,"column":9},"end":{"line":45,"column":13}},"loc":{"start":{"line":45,"column":17},"end":{"line":48,"column":1}},"line":45},"4":{"name":"dequeue","decl":{"start":{"line":56,"column":9},"end":{"line":56,"column":16}},"loc":{"start":{"line":56,"column":20},"end":{"line":59,"column":1}},"line":56},"5":{"name":"display_queue","decl":{"start":{"line":65,"column":9},"end":{"line":65,"column":22}},"loc":{"start":{"line":65,"column":26},"end":{"line":67,"column":1}},"line":65}},"branchMap":{},"s":{"0":2,"1":2,"2":2,"3":2,"4":2,"5":2,"6":2,"7":64,"8":10,"9":57,"10":57,"11":57,"12":11,"13":11,"14":11,"15":11,"16":0},"f":{"0":64,"1":10,"2":57,"3":11,"4":11,"5":0},"b":{},"inputSourceMap":null,"_coverageSchema":"1a1c01bbd47fc00a2c39e90264f33305004495a9","hash":"1ba97b126bfa6a28ced204ca279a4800e2a097bc"}
,"C:\\Users\\Predator\\OneDrive - Uppsala universitet\\Documents\\PKD\\Code\\PKD project code\\message-app\\messages\\messages_functions.js": {"path":"C:\\Users\\Predator\\OneDrive - Uppsala universitet\\Documents\\PKD\\Code\\PKD project code\\message-app\\messages\\messages_functions.js","statementMap":{"0":{"start":{"line":2,"column":0},"end":{"line":2,"column":62}},"1":{"start":{"line":3,"column":0},"end":{"line":3,"column":38}},"2":{"start":{"line":4,"column":0},"end":{"line":4,"column":40}},"3":{"start":{"line":5,"column":0},"end":{"line":5,"column":36}},"4":{"start":{"line":6,"column":0},"end":{"line":6,"column":60}},"5":{"start":{"line":7,"column":20},"end":{"line":7,"column":49}},"6":{"start":{"line":9,"column":27},"end":{"line":9,"column":77}},"7":{"start":{"line":9,"column":41},"end":{"line":9,"column":75}},"8":{"start":{"line":10,"column":0},"end":{"line":10,"column":52}},"9":{"start":{"line":11,"column":22},"end":{"line":11,"column":102}},"10":{"start":{"line":11,"column":50},"end":{"line":11,"column":100}},"11":{"start":{"line":12,"column":22},"end":{"line":12,"column":84}},"12":{"start":{"line":12,"column":41},"end":{"line":12,"column":82}},"13":{"start":{"line":15,"column":4},"end":{"line":15,"column":45}},"14":{"start":{"line":27,"column":4},"end":{"line":30,"column":5}},"15":{"start":{"line":28,"column":8},"end":{"line":28,"column":87}},"16":{"start":{"line":29,"column":8},"end":{"line":29,"column":15}},"17":{"start":{"line":31,"column":4},"end":{"line":31,"column":54}},"18":{"start":{"line":32,"column":4},"end":{"line":32,"column":66}},"19":{"start":{"line":40,"column":4},"end":{"line":41,"column":52}},"20":{"start":{"line":41,"column":8},"end":{"line":41,"column":52}},"21":{"start":{"line":42,"column":13},"end":{"line":42,"column":56}},"22":{"start":{"line":42,"column":67},"end":{"line":42,"column":76}},"23":{"start":{"line":42,"column":85},"end":{"line":42,"column":92}},"24":{"start":{"line":43,"column":4},"end":{"line":43,"column":45}},"25":{"start":{"line":44,"column":4},"end":{"line":44,"column":39}},"26":{"start":{"line":45,"column":4},"end":{"line":45,"column":40}}},"fnMap":{"0":{"name":"(anonymous_0)","decl":{"start":{"line":9,"column":27},"end":{"line":9,"column":28}},"loc":{"start":{"line":9,"column":39},"end":{"line":9,"column":77}},"line":9},"1":{"name":"(anonymous_1)","decl":{"start":{"line":11,"column":22},"end":{"line":11,"column":23}},"loc":{"start":{"line":11,"column":48},"end":{"line":11,"column":102}},"line":11},"2":{"name":"(anonymous_2)","decl":{"start":{"line":12,"column":22},"end":{"line":12,"column":23}},"loc":{"start":{"line":12,"column":39},"end":{"line":12,"column":84}},"line":12},"3":{"name":"message_create","decl":{"start":{"line":14,"column":9},"end":{"line":14,"column":23}},"loc":{"start":{"line":14,"column":36},"end":{"line":16,"column":1}},"line":14},"4":{"name":"message_send","decl":{"start":{"line":25,"column":9},"end":{"line":25,"column":21}},"loc":{"start":{"line":25,"column":48},"end":{"line":33,"column":1}},"line":25},"5":{"name":"message_read_and_dequeue","decl":{"start":{"line":38,"column":9},"end":{"line":38,"column":33}},"loc":{"start":{"line":38,"column":40},"end":{"line":46,"column":1}},"line":38}},"branchMap":{"0":{"loc":{"start":{"line":27,"column":4},"end":{"line":30,"column":5}},"type":"if","locations":[{"start":{"line":27,"column":4},"end":{"line":30,"column":5}},{"start":{},"end":{}}],"line":27},"1":{"loc":{"start":{"line":27,"column":8},"end":{"line":27,"column":75}},"type":"binary-expr","locations":[{"start":{"line":27,"column":8},"end":{"line":27,"column":33}},{"start":{"line":27,"column":37},"end":{"line":27,"column":75}}],"line":27},"2":{"loc":{"start":{"line":40,"column":4},"end":{"line":41,"column":52}},"type":"if","locations":[{"start":{"line":40,"column":4},"end":{"line":41,"column":52}},{"start":{},"end":{}}],"line":40}},"s":{"0":2,"1":2,"2":2,"3":2,"4":2,"5":2,"6":2,"7":31,"8":2,"9":2,"10":1,"11":2,"12":0,"13":2,"14":1,"15":0,"16":0,"17":1,"18":1,"19":0,"20":0,"21":0,"22":0,"23":0,"24":0,"25":0,"26":0},"f":{"0":31,"1":1,"2":0,"3":2,"4":1,"5":0},"b":{"0":[0,1],"1":[1,0],"2":[0,0]},"inputSourceMap":null,"_coverageSchema":"1a1c01bbd47fc00a2c39e90264f33305004495a9","hash":"51b89bb76add00437e0a0b3197f12715a2884ab4"}
,"C:\\Users\\Predator\\OneDrive - Uppsala universitet\\Documents\\PKD\\Code\\PKD project code\\message-app\\prompts\\friends_prompt.js": {"path":"C:\\Users\\Predator\\OneDrive - Uppsala universitet\\Documents\\PKD\\Code\\PKD project code\\message-app\\prompts\\friends_prompt.js","statementMap":{"0":{"start":{"line":2,"column":0},"end":{"line":2,"column":62}},"1":{"start":{"line":3,"column":0},"end":{"line":3,"column":42}},"2":{"start":{"line":4,"column":25},"end":{"line":4,"column":63}},"3":{"start":{"line":5,"column":26},"end":{"line":5,"column":65}},"4":{"start":{"line":6,"column":26},"end":{"line":6,"column":65}},"5":{"start":{"line":7,"column":25},"end":{"line":7,"column":54}},"6":{"start":{"line":8,"column":20},"end":{"line":8,"column":44}},"7":{"start":{"line":11,"column":19},"end":{"line":11,"column":38}},"8":{"start":{"line":12,"column":4},"end":{"line":12,"column":34}},"9":{"start":{"line":13,"column":4},"end":{"line":13,"column":36}},"10":{"start":{"line":14,"column":4},"end":{"line":14,"column":39}},"11":{"start":{"line":15,"column":4},"end":{"line":15,"column":38}},"12":{"start":{"line":16,"column":4},"end":{"line":16,"column":46}},"13":{"start":{"line":17,"column":4},"end":{"line":17,"column":49}},"14":{"start":{"line":18,"column":4},"end":{"line":18,"column":30}},"15":{"start":{"line":19,"column":17},"end":{"line":19,"column":58}},"16":{"start":{"line":22,"column":4},"end":{"line":76,"column":5}},"17":{"start":{"line":23,"column":8},"end":{"line":26,"column":16}},"18":{"start":{"line":24,"column":12},"end":{"line":24,"column":117}},"19":{"start":{"line":27,"column":28},"end":{"line":27,"column":84}},"20":{"start":{"line":28,"column":8},"end":{"line":28,"column":79}},"21":{"start":{"line":29,"column":8},"end":{"line":29,"column":47}},"22":{"start":{"line":33,"column":9},"end":{"line":76,"column":5}},"23":{"start":{"line":34,"column":8},"end":{"line":41,"column":9}},"24":{"start":{"line":35,"column":12},"end":{"line":35,"column":87}},"25":{"start":{"line":36,"column":35},"end":{"line":36,"column":94}},"26":{"start":{"line":37,"column":12},"end":{"line":37,"column":89}},"27":{"start":{"line":40,"column":12},"end":{"line":40,"column":67}},"28":{"start":{"line":42,"column":8},"end":{"line":42,"column":47}},"29":{"start":{"line":46,"column":9},"end":{"line":76,"column":5}},"30":{"start":{"line":47,"column":8},"end":{"line":52,"column":9}},"31":{"start":{"line":48,"column":12},"end":{"line":48,"column":94}},"32":{"start":{"line":51,"column":12},"end":{"line":51,"column":57}},"33":{"start":{"line":53,"column":8},"end":{"line":53,"column":47}},"34":{"start":{"line":57,"column":9},"end":{"line":76,"column":5}},"35":{"start":{"line":58,"column":8},"end":{"line":58,"column":73}},"36":{"start":{"line":59,"column":8},"end":{"line":59,"column":24}},"37":{"start":{"line":60,"column":8},"end":{"line":60,"column":47}},"38":{"start":{"line":64,"column":9},"end":{"line":76,"column":5}},"39":{"start":{"line":65,"column":21},"end":{"line":65,"column":76}},"40":{"start":{"line":66,"column":8},"end":{"line":66,"column":108}},"41":{"start":{"line":67,"column":8},"end":{"line":67,"column":47}},"42":{"start":{"line":69,"column":9},"end":{"line":76,"column":5}},"43":{"start":{"line":70,"column":8},"end":{"line":70,"column":72}},"44":{"start":{"line":74,"column":8},"end":{"line":74,"column":39}},"45":{"start":{"line":75,"column":8},"end":{"line":75,"column":47}},"46":{"start":{"line":80,"column":17},"end":{"line":80,"column":19}},"47":{"start":{"line":81,"column":4},"end":{"line":86,"column":5}},"48":{"start":{"line":81,"column":17},"end":{"line":81,"column":18}},"49":{"start":{"line":82,"column":8},"end":{"line":82,"column":35}},"50":{"start":{"line":83,"column":8},"end":{"line":85,"column":9}},"51":{"start":{"line":84,"column":12},"end":{"line":84,"column":35}},"52":{"start":{"line":87,"column":4},"end":{"line":87,"column":18}}},"fnMap":{"0":{"name":"friends_prompts","decl":{"start":{"line":10,"column":9},"end":{"line":10,"column":24}},"loc":{"start":{"line":10,"column":48},"end":{"line":77,"column":1}},"line":10},"1":{"name":"array_to_string","decl":{"start":{"line":79,"column":9},"end":{"line":79,"column":24}},"loc":{"start":{"line":79,"column":32},"end":{"line":88,"column":1}},"line":79}},"branchMap":{"0":{"loc":{"start":{"line":22,"column":4},"end":{"line":76,"column":5}},"type":"if","locations":[{"start":{"line":22,"column":4},"end":{"line":76,"column":5}},{"start":{"line":33,"column":9},"end":{"line":76,"column":5}}],"line":22},"1":{"loc":{"start":{"line":22,"column":8},"end":{"line":22,"column":40}},"type":"binary-expr","locations":[{"start":{"line":22,"column":8},"end":{"line":22,"column":22}},{"start":{"line":22,"column":26},"end":{"line":22,"column":40}}],"line":22},"2":{"loc":{"start":{"line":23,"column":8},"end":{"line":26,"column":16}},"type":"if","locations":[{"start":{"line":23,"column":8},"end":{"line":26,"column":16}},{"start":{"line":26,"column":13},"end":{"line":26,"column":16}}],"line":23},"3":{"loc":{"start":{"line":33,"column":9},"end":{"line":76,"column":5}},"type":"if","locations":[{"start":{"line":33,"column":9},"end":{"line":76,"column":5}},{"start":{"line":46,"column":9},"end":{"line":76,"column":5}}],"line":33},"4":{"loc":{"start":{"line":33,"column":13},"end":{"line":33,"column":45}},"type":"binary-expr","locations":[{"start":{"line":33,"column":13},"end":{"line":33,"column":27}},{"start":{"line":33,"column":31},"end":{"line":33,"column":45}}],"line":33},"5":{"loc":{"start":{"line":34,"column":8},"end":{"line":41,"column":9}},"type":"if","locations":[{"start":{"line":34,"column":8},"end":{"line":41,"column":9}},{"start":{"line":39,"column":13},"end":{"line":41,"column":9}}],"line":34},"6":{"loc":{"start":{"line":46,"column":9},"end":{"line":76,"column":5}},"type":"if","locations":[{"start":{"line":46,"column":9},"end":{"line":76,"column":5}},{"start":{"line":57,"column":9},"end":{"line":76,"column":5}}],"line":46},"7":{"loc":{"start":{"line":46,"column":13},"end":{"line":46,"column":45}},"type":"binary-expr","locations":[{"start":{"line":46,"column":13},"end":{"line":46,"column":27}},{"start":{"line":46,"column":31},"end":{"line":46,"column":45}}],"line":46},"8":{"loc":{"start":{"line":47,"column":8},"end":{"line":52,"column":9}},"type":"if","locations":[{"start":{"line":47,"column":8},"end":{"line":52,"column":9}},{"start":{"line":50,"column":13},"end":{"line":52,"column":9}}],"line":47},"9":{"loc":{"start":{"line":57,"column":9},"end":{"line":76,"column":5}},"type":"if","locations":[{"start":{"line":57,"column":9},"end":{"line":76,"column":5}},{"start":{"line":64,"column":9},"end":{"line":76,"column":5}}],"line":57},"10":{"loc":{"start":{"line":57,"column":13},"end":{"line":57,"column":45}},"type":"binary-expr","locations":[{"start":{"line":57,"column":13},"end":{"line":57,"column":27}},{"start":{"line":57,"column":31},"end":{"line":57,"column":45}}],"line":57},"11":{"loc":{"start":{"line":64,"column":9},"end":{"line":76,"column":5}},"type":"if","locations":[{"start":{"line":64,"column":9},"end":{"line":76,"column":5}},{"start":{"line":69,"column":9},"end":{"line":76,"column":5}}],"line":64},"12":{"loc":{"start":{"line":64,"column":13},"end":{"line":64,"column":45}},"type":"binary-expr","locations":[{"start":{"line":64,"column":13},"end":{"line":64,"column":27}},{"start":{"line":64,"column":31},"end":{"line":64,"column":45}}],"line":64},"13":{"loc":{"start":{"line":69,"column":9},"end":{"line":76,"column":5}},"type":"if","locations":[{"start":{"line":69,"column":9},"end":{"line":76,"column":5}},{"start":{"line":73,"column":9},"end":{"line":76,"column":5}}],"line":69},"14":{"loc":{"start":{"line":69,"column":13},"end":{"line":69,"column":45}},"type":"binary-expr","locations":[{"start":{"line":69,"column":13},"end":{"line":69,"column":27}},{"start":{"line":69,"column":31},"end":{"line":69,"column":45}}],"line":69},"15":{"loc":{"start":{"line":83,"column":8},"end":{"line":85,"column":9}},"type":"if","locations":[{"start":{"line":83,"column":8},"end":{"line":85,"column":9}},{"start":{},"end":{}}],"line":83}},"s":{"0":1,"1":1,"2":1,"3":1,"4":1,"5":1,"6":1,"7":0,"8":0,"9":0,"10":0,"11":0,"12":0,"13":0,"14":0,"15":0,"16":0,"17":0,"18":0,"19":0,"20":0,"21":0,"22":0,"23":0,"24":0,"25":0,"26":0,"27":0,"28":0,"29":0,"30":0,"31":0,"32":0,"33":0,"34":0,"35":0,"36":0,"37":0,"38":0,"39":0,"40":0,"41":0,"42":0,"43":0,"44":0,"45":0,"46":0,"47":0,"48":0,"49":0,"50":0,"51":0,"52":0},"f":{"0":0,"1":0},"b":{"0":[0,0],"1":[0,0],"2":[0,0],"3":[0,0],"4":[0,0],"5":[0,0],"6":[0,0],"7":[0,0],"8":[0,0],"9":[0,0],"10":[0,0],"11":[0,0],"12":[0,0],"13":[0,0],"14":[0,0],"15":[0,0]},"inputSourceMap":null,"_coverageSchema":"1a1c01bbd47fc00a2c39e90264f33305004495a9","hash":"883085189d3bd8bbcd63460bd8ba5b847fdafc0a"}
,"C:\\Users\\Predator\\OneDrive - Uppsala universitet\\Documents\\PKD\\Code\\PKD project code\\message-app\\prompts\\logged_in_prompt.js": {"path":"C:\\Users\\Predator\\OneDrive - Uppsala universitet\\Documents\\PKD\\Code\\PKD project code\\message-app\\prompts\\logged_in_prompt.js","statementMap":{"0":{"start":{"line":2,"column":0},"end":{"line":2,"column":62}},"1":{"start":{"line":3,"column":0},"end":{"line":3,"column":44}},"2":{"start":{"line":4,"column":23},"end":{"line":4,"column":50}},"3":{"start":{"line":5,"column":20},"end":{"line":5,"column":44}},"4":{"start":{"line":6,"column":23},"end":{"line":6,"column":50}},"5":{"start":{"line":7,"column":23},"end":{"line":7,"column":50}},"6":{"start":{"line":10,"column":4},"end":{"line":10,"column":33}},"7":{"start":{"line":11,"column":4},"end":{"line":11,"column":34}},"8":{"start":{"line":12,"column":4},"end":{"line":12,"column":34}},"9":{"start":{"line":13,"column":4},"end":{"line":13,"column":33}},"10":{"start":{"line":14,"column":4},"end":{"line":14,"column":42}},"11":{"start":{"line":15,"column":17},"end":{"line":15,"column":58}},"12":{"start":{"line":16,"column":4},"end":{"line":32,"column":5}},"13":{"start":{"line":17,"column":8},"end":{"line":17,"column":26}},"14":{"start":{"line":18,"column":8},"end":{"line":18,"column":62}},"15":{"start":{"line":20,"column":9},"end":{"line":32,"column":5}},"16":{"start":{"line":21,"column":8},"end":{"line":21,"column":75}},"17":{"start":{"line":23,"column":9},"end":{"line":32,"column":5}},"18":{"start":{"line":24,"column":8},"end":{"line":24,"column":69}},"19":{"start":{"line":26,"column":9},"end":{"line":32,"column":5}},"20":{"start":{"line":27,"column":8},"end":{"line":27,"column":77}},"21":{"start":{"line":30,"column":8},"end":{"line":30,"column":39}},"22":{"start":{"line":31,"column":8},"end":{"line":31,"column":48}}},"fnMap":{"0":{"name":"logged_in_prompt","decl":{"start":{"line":9,"column":9},"end":{"line":9,"column":25}},"loc":{"start":{"line":9,"column":49},"end":{"line":33,"column":1}},"line":9}},"branchMap":{"0":{"loc":{"start":{"line":16,"column":4},"end":{"line":32,"column":5}},"type":"if","locations":[{"start":{"line":16,"column":4},"end":{"line":32,"column":5}},{"start":{"line":20,"column":9},"end":{"line":32,"column":5}}],"line":16},"1":{"loc":{"start":{"line":20,"column":9},"end":{"line":32,"column":5}},"type":"if","locations":[{"start":{"line":20,"column":9},"end":{"line":32,"column":5}},{"start":{"line":23,"column":9},"end":{"line":32,"column":5}}],"line":20},"2":{"loc":{"start":{"line":23,"column":9},"end":{"line":32,"column":5}},"type":"if","l
[...]
,"C:\\Users\\Predator\\OneDrive - Uppsala universitet\\Documents\\PKD\\Code\\PKD project code\\message-app\\prompts\\main_prompt.js": {"path":"C:\\Users\\Predator\\OneDrive - Uppsala universitet\\Documents\\PKD\\Code\\PKD project code\\message-app\\prompts\\main_prompt.js","statementMap":{"0":{"start":{"line":2,"column":0},"end":{"line":2,"column":62}},"1":{"start":{"line":3,"column":0},"end":{"line":3,"column":34}},"2":{"start":{"line":4,"column":0},"end":{"line":4,"column":36}},"3":{"start":{"line":5,"column":22},"end":{"line":5,"column":49}},"4":{"start":{"line":6,"column":19},"end":{"line":6,"column":43}},"5":{"start":{"line":7,"column":25},"end":{"line":7,"column":54}},"6":{"start":{"line":8,"column":24},"end":{"line":8,"column":52}},"7":{"start":{"line":15,"column":4},"end":{"line":15,"column":52}},"8":{"start":{"line":16,"column":4},"end":{"line":16,"column":52}},"9":{"start":{"line":17,"column":4},"end":{"line":17,"column":33}},"10":{"start":{"line":18,"column":4},"end":{"line":18,"column":39}},"11":{"start":{"line":19,"column":4},"end":{"line":19,"column":31}},"12":{"start":{"line":20,"column":17},"end":{"line":20,"column":39}},"13":{"start":{"line":21,"column":4},"end":{"line":30,"column":5}},"14":{"start":{"line":22,"column":8},"end":{"line":22,"column":70}},"15":{"start":{"line":24,"column":9},"end":{"line":30,"column":5}},"16":{"start":{"line":25,"column":8},"end":{"line":25,"column":44}},"17":{"start":{"line":28,"column":8},"end":{"line":28,"column":39}},"18":{"start":{"line":29,"column":8},"end":{"line":29,"column":43}},"19":{"start":{"line":33,"column":4},"end":{"line":33,"column":55}},"20":{"start":{"line":34,"column":4},"end":{"line":34,"column":45}},"21":{"start":{"line":35,"column":4},"end":{"line":35,"column":30}},"22":{"start":{"line":36,"column":19},"end":{"line":36,"column":52}},"23":{"start":{"line":37,"column":4},"end":{"line":40,"column":5}},"24":{"start":{"line":38,"column":8},"end":{"line":38,"column":47}},"25":{"start":{"line":39,"column":8},"end":{"line":39,"column":53}},"26":{"start":{"line":41,"column":4},"end":{"line":41,"column":52}},"27":{"start":{"line":42,"column":4},"end":{"line":42,"column":68}},"28":{"start":{"line":45,"column":22},"end":{"line":45,"column":58}},"29":{"start":{"line":46,"column":4},"end":{"line":48,"column":5}},"30":{"start":{"line":47,"column":8},"end":{"line":47,"column":24}},"31":{"start":{"line":49,"column":4},"end":{"line":49,"column":23}},"32":{"start":{"line":53,"column":19},"end":{"line":53,"column":51}},"33":{"start":{"line":54,"column":4},"end":{"line":61,"column":5}},"34":{"start":{"line":55,"column":8},"end":{"line":55,"column":68}},"35":{"start":{"line":56,"column":8},"end":{"line":56,"column":77}},"36":{"start":{"line":59,"column":8},"end":{"line":59,"column":52}},"37":{"start":{"line":60,"column":8},"end":{"line":60,"column":56}}},"fnMap":{"0":{"name":"main_prompt","decl":{"start":{"line":14,"column":9},"end":{"line":14,"column":20}},"loc":{"start":{"line":14,"column":44},"end":{"line":31,"column":1}},"line":14},"1":{"name":"login_prompt","decl":{"start":{"line":32,"column":9},"end":{"line":32,"column":21}},"loc":{"start":{"line":32,"column":45},"end":{"line":43,"column":1}},"line":32},"2":{"name":"check_prompt","decl":{"start":{"line":44,"column":9},"end":{"line":44,"column":21}},"loc":{"start":{"line":44,"column":46},"end":{"line":50,"column":1}},"line":44},"3":{"name":"check_password","decl":{"start":{"line":51,"column":9},"end":{"line":51,"column":23}},"loc":{"start":{"line":51,"column":57},"end":{"line":62,"column":1}},"line":51}},"branchMap":{"0":{"loc":{"start":{"line":21,"column":4},"end":{"line":30,"column":5}},"type":"if","locations":[{"start":{"line":21,"column":4},"end":{"line":30,"column":5}},{"start":{"line":24,"column":9},"end":{"line":30,"column":5}}],"line":21},"1":{"loc":{"start":{"line":24,"column":9},"end":{"line":30,"column":5}},"type":"if","locations":[{"start":{"line":24,"column":9},"end":{"line":30,"column":5}},{"start":{"line":27,"column":9},"end":{"line":30,"column":5}}],"line":24},"2":{"loc":{"start":{"line":46,"column":4},"end":{"line":48,"column":5}},"type":"if","locations":[{"start":{"line":46,"column":4},"end":{"line":48,"column":5}},{"start":{},"end":{}}],"line":46},"3":{"loc":{"start":{"line":54,"column":4},"end":{"line":61,"column":5}},"type":"if","locations":[{"start":{"line":54,"column":4},"end":{"line":61,"column":5}},{"start":{"line":58,"column":9},"end":{"line":61,"column":5}}],"line":54},"4":{"loc":{"start":{"line":54,"column":22},"end":{"line":54,"column":128}},"type":"cond-expr","locations":[{"start":{"line":54,"column":108},"end":{"line":54,"column":114}},{"start":{"line":54,"column":117},"end":{"line":54,"column":128}}],"line":54},"5":{"loc":{"start":{"line":54,"column":22},"end":{"line":54,"column":105}},"type":"binary-expr","locations":[{"start":{"line":54,"column":22},"end":{"line":54,"column":88}},{"start":{"line":54,"column":92},"end":{"line":54,"column":105}}],"line":54}},"s":{"0":1,"1":1,"2":1,"3":1,"4":1,"5":1,"6":1,"7":0,"8":0,"9":0,"10":0,"11":0,"12":0,"13":0,"14":0,"15":0,"16":0,"17":0,"18":0,"19":0,"20":0,"21":0,"22":0,"23":0,"24":0,"25":0,"26":0,"27":0,"28":0,"29":0,"30":0,"31":0,"32":0,"33":0,"34":0,"35":0,"36":0,"37":0},"f":{"0":0,"1":0,"2":0,"3":0},"b":{"0":[0,0],"1":[0,0],"2":[0,0],"3":[0,0],"4":[0,0],"5":[0,0]},"inputSourceMap":null,"_coverageSchema":"1a1c01bbd47fc00a2c39e90264f33305004495a9","hash":"5353dc29a1b169bb2807aed533263043172a2f7a"}
,"C:\\Users\\Predator\\OneDrive - Uppsala universitet\\Documents\\PKD\\Code\\PKD project code\\message-app\\prompts\\message_prompt.js": {"path":"C:\\Users\\Predator\\OneDrive - Uppsala universitet\\Documents\\PKD\\Code\\PKD project code\\message-app\\prompts\\message_prompt.js","statementMap":{"0":{"start":{"line":2,"column":0},"end":{"line":2,"column":62}},"1":{"start":{"line":3,"column":0},"end":{"line":3,"column":54}},"2":{"start":{"line":4,"column":27},"end":{"line":4,"column":68}},"3":{"start":{"line":5,"column":22},"end":{"line":5,"column":49}},"4":{"start":{"line":6,"column":25},"end":{"line":6,"column":54}},"5":{"start":{"line":7,"column":20},"end":{"line":7,"column":44}},"6":{"start":{"line":10,"column":4},"end":{"line":10,"column":33}},"7":{"start":{"line":11,"column":4},"end":{"line":11,"column":38}},"8":{"start":{"line":12,"column":4},"end":{"line":12,"column":38}},"9":{"start":{"line":13,"column":4},"end":{"line":13,"column":33}},"10":{"start":{"line":14,"column":17},"end":{"line":14,"column":58}},"11":{"start":{"line":15,"column":4},"end":{"line":27,"column":5}},"12":{"start":{"line":16,"column":8},"end":{"line":16,"column":51}},"13":{"start":{"line":18,"column":9},"end":{"line":27,"column":5}},"14":{"start":{"line":19,"column":8},"end":{"line":19,"column":51}},"15":{"start":{"line":21,"column":9},"end":{"line":27,"column":5}},"16":{"start":{"line":22,"column":8},"end":{"line":22,"column":72}},"17":{"start":{"line":25,"column":8},"end":{"line":25,"column":39}},"18":{"start":{"line":26,"column":8},"end":{"line":26,"column":53}},"19":{"start":{"line":31,"column":19},"end":{"line":31,"column":71}},"20":{"start":{"line":32,"column":4},"end":{"line":35,"column":5}},"21":{"start":{"line":33,"column":8},"end":{"line":33,"column":49}},"22":{"start":{"line":34,"column":8},"end":{"line":34,"column":72}},"23":{"start":{"line":36,"column":15},"end":{"line":36,"column":65}},"24":{"start":{"line":37,"column":18},"end":{"line":37,"column":80}},"25":{"start":{"line":38,"column":4},"end":{"line":38,"column":120}},"26":{"start":{"line":39,"column":4},"end":{"line":39,"column":49}},"27":{"start":{"line":43,"column":4},"end":{"line":43,"column":71}},"28":{"start":{"line":44,"column":4},"end":{"line":44,"column":49}}},"fnMap":{"0":{"name":"choose_message_action","decl":{"start":{"line":9,"column":9},"end":{"line":9,"column":30}},"loc":{"start":{"line":9,"column":54},"end":{"line":28,"column":1}},"line":9},"1":{"name":"send_message_prompt","decl":{"start":{"line":30,"column":9},"end":{"line":30,"column":28}},"loc":{"start":{"line":30,"column":52},"end":{"line":40,"column":1}},"line":30},"2":{"name":"read_message_prompt","decl":{"start":{"line":42,"column":9},"end":{"line":42,"column":28}},"loc":{"start":{"line":42,"column":52},"end":{"line":45,"column":1}},"line":42}},"branchMap":{"0":{"loc":{"start":{"line":15,"column":4},"end":{"line":27,"column":5}},"type":"if","locations":[{"start":{"line":15,"column":4},"end":{"line":27,"column":5}},{"start":{"line":18,"column":9},"end":{"line":27,"column":5}}],"line":15},"1":{"loc":{"start":{"line":18,"column":9},"end":{"line":27,"column":5}},"type":"if","locations":[{"start":{"line":18,"column":9},"end":{"line":27,"column":5}},{"start":{"line":21,"column":9},"end":{"line":27,"column":5}}],"line":18},"2":{"loc":{"start":{"line":21,"column":9},"end":{"line":27,"column":5}},"type":"if","locations":[{"start":{"line":21,"column":9},"end":{"line":27,"column":5}},{"start":{"line":24,"column":9},"end":{"line":27,"column":5}}],"line":21}},"s":{"0":1,"1":1,"2":1,"3":1,"4":1,"5":1,"6":0,"7":0,"8":0,"9":0,"10":0,"11":0,"12":0,"13":0,"14":0,"15":0,"16":0,"17":0,"18":0,"19":0,"20":0,"21":0,"22":0,"23":0,"24":0,"25":0,"26":0,"27":0,"28":0},"f":{"0":0,"1":0,"2":0},"b":{"0":[0,0],"1":[0,0],"2":[0,0]},"inputSourceMap":null,"_coverageSchema":"1a1c01bbd47fc00a2c39e90264f33305004495a9","hash":"618965dffe58b88076875c680c8e9cee0d9427e8"}
,"C:\\Users\\Predator\\OneDrive - Uppsala universitet\\Documents\\PKD\\Code\\PKD project code\\message-app\\prompts\\new_user_prompt.js": {"path":"C:\\Users\\Predator\\OneDrive - Uppsala universitet\\Documents\\PKD\\Code\\PKD project code\\message-app\\prompts\\new_user_prompt.js","statementMap":{"0":{"start":{"line":2,"column":0},"end":{"line":2,"column":62}},"1":{"start":{"line":3,"column":0},"end":{"line":3,"column":42}},"2":{"start":{"line":4,"column":22},"end":{"line":4,"column":49}},"3":{"start":{"line":5,"column":20},"end":{"line":5,"column":44}},"4":{"start":{"line":12,"column":19},"end":{"line":12,"column":71}},"5":{"start":{"line":13,"column":19},"end":{"line":13,"column":70}},"6":{"start":{"line":14,"column":15},"end":{"line":14,"column":67}},"7":{"start":{"line":15,"column":4},"end":{"line":15,"column":57}},"8":{"start":{"line":16,"column":4},"end":{"line":16,"column":58}}},"fnMap":{"0":{"name":"new_user_prompt","decl":{"start":{"line":11,"column":9},"end":{"line":11,"column":24}},"loc":{"start":{"line":11,"column":48},"end":{"line":17,"column":1}},"line":11}},"branchMap":{},"s":{"0":1,"1":1,"2":1,"3":1,"4":0,"5":0,"6":0,"7":0,"8":0},"f":{"0":0},"b":{},"inputSourceMap":null,"_coverageSchema":"1a1c01bbd47fc00a2c39e90264f33305004495a9","hash":"9fcd4719eef5013cb1b78ce18c910bb861a084dd"}
,"C:\\Users\\Predator\\OneDrive - Uppsala universitet\\Documents\\PKD\\Code\\PKD project code\\message-app\\prompts\\privacy_prompt.js": {"path":"C:\\Users\\Predator\\OneDrive - Uppsala universitet\\Documents\\PKD\\Code\\PKD project code\\message-app\\prompts\\privacy_prompt.js","statementMap":{"0":{"start":{"line":2,"column":0},"end":{"line":2,"column":62}},"1":{"start":{"line":3,"column":0},"end":{"line":3,"column":58}},"2":{"start":{"line":4,"column":25},"end":{"line":4,"column":54}},"3":{"start":{"line":5,"column":20},"end":{"line":5,"column":44}},"4":{"start":{"line":8,"column":4},"end":{"line":8,"column":33}},"5":{"start":{"line":9,"column":4},"end":{"line":9,"column":41}},"6":{"start":{"line":10,"column":4},"end":{"line":10,"column":33}},"7":{"start":{"line":11,"column":4},"end":{"line":11,"column":33}},"8":{"start":{"line":12,"column":17},"end":{"line":12,"column":58}},"9":{"start":{"line":13,"column":4},"end":{"line":25,"column":5}},"10":{"start":{"line":14,"column":8},"end":{"line":14,"column":54}},"11":{"start":{"line":16,"column":9},"end":{"line":25,"column":5}},"12":{"start":{"line":17,"column":8},"end":{"line":17,"column":46}},"13":{"start":{"line":19,"column":9},"end":{"line":25,"column":5}},"14":{"start":{"line":20,"column":8},"end":{"line":20,"column":72}},"15":{"start":{"line":23,"column":8},"end":{"line":23,"column":41}},"16":{"start":{"line":24,"column":8},"end":{"line":24,"column":55}},"17":{"start":{"line":29,"column":15},"end":{"line":29,"column":29}},"18":{"start":{"line":30,"column":34},"end":{"line":30,"column":79}},"19":{"start":{"line":31,"column":25},"end":{"line":31,"column":68}},"20":{"start":{"line":32,"column":4},"end":{"line":32,"column":70}},"21":{"start":{"line":33,"column":4},"end":{"line":33,"column":69}},"22":{"start":{"line":34,"column":4},"end":{"line":34,"column":49}},"23":{"start":{"line":35,"column":4},"end":{"line":35,"column":30}},"24":{"start":{"line":36,"column":22},"end":{"line":36,"column":63}},"25":{"start":{"line":37,"column":4},"end":{"line":47,"column":5}},"26":{"start":{"line":38,"column":8},"end":{"line":38,"column":55}},"27":{"start":{"line":40,"column":9},"end":{"line":47,"column":5}},"28":{"start":{"line":41,"column":8},"end":{"line":41,"column":53}},"29":{"start":{"line":42,"column":8},"end":{"line":42,"column":46}},"30":{"start":{"line":45,"column":8},"end":{"line":45,"column":38}},"31":{"start":{"line":46,"column":8},"end":{"line":46,"column":46}},"32":{"start":{"line":51,"column":23},"end":{"line":51,"column":89}},"33":{"start":{"line":52,"column":4},"end":{"line":58,"column":5}},"34":{"start":{"line":53,"column":27},"end":{"line":53,"column":88}},"35":{"start":{"line":54,"column":8},"end":{"line":54,"column":47}},"36":{"start":{"line":57,"column":8},"end":{"line":57,"column":42}},"37":{"start":{"line":59,"column":4},"end":{"line":59,"column":51}}},"fnMap":{"0":{"name":"privacy_settings_prompt","decl":{"start":{"line":7,"column":9},"end":{"line":7,"column":32}},"loc":{"start":{"line":7,"column":56},"end":{"line":26,"column":1}},"line":7},"1":{"name":"privacy_prompt","decl":{"start":{"line":28,"column":9},"end":{"line":28,"column":23}},"loc":{"start":{"line":28,"column":47},"end":{"line":48,"column":1}},"line":28},"2":{"name":"change_password_prompt","decl":{"start":{"line":50,"column":9},"end":{"line":50,"column":31}},"loc":{"start":{"line":50,"column":55},"end":{"line":60,"column":1}},"line":50}},"branchMap":{"0":{"loc":{"start":{"line":13,"column":4},"end":{"line":25,"column":5}},"type":"if","locations":[{"start":{"line":13,"column":4},"end":{"line":25,"column":5}},{"start":{"line":16,"column":9},"end":{"line":25,"column":5}}],"line":13},"1":{"loc":{"start":{"line":16,"column":9},"end":{"line":25,"column":5}},"type":"if","locations":[{"start":{"line":16,"column":9},"end":{"line":25,"column":5}},{"start":{"line":19,"column":9},"end":{"line":25,"column":5}}],"line":16},"2":{"loc":{"start":{"line":19,"column":9},"end":{"line":25,"column":5}},"type":"if","locations":[{"start":{"line":19,"column":9},"end":{"line":25,"column":5}},{"start":{"line":22,"column":9},"end":{"line":25,"column":5}}],"line":19},"3":{"loc":{"start":{"line":30,"column":34},"end":{"line":30,"column":79}},"type":"cond-expr","locations":[{"start":{"line":30,"column":57},"end":{"line":30,"column":66}},{"start":{"line":30,"column":69},"end":{"line":30,"column":79}}],"line":30},"4":{"loc":{"start":{"line":31,"column":25},"end":{"line":31,"column":68}},"type":"cond-expr","locations":[{"start":{"line":31,"column":48},"end":{"line":31,"column":57}},{"start":{"line":31,"column":60},"end":{"line":31,"column":68}}],"line":31},"5":{"loc":{"start":{"line":37,"column":4},"end":{"line":47,"column":5}},"type":"if","locations":[{"start":{"line":37,"column":4},"end":{"line":47,"column":5}},{"start":{"line":40,"column":9},"end":{"line":47,"column":5}}],"line":37},"6":{"loc":{"start":{"line":40,"column":9},"end":{"line":47,"column":5}},"type":"if","locations":[{"start":{"line":40,"column":9},"end":{"line":47,"column":5}},{"start":{"line":44,"column":9},"end":{"line":47,"column":5}}],"line":40},"7":{"loc":{"start":{"line":52,"column":4},"end":{"line":58,"column":5}},"type":"if","locations":[{"start":{"line":52,"column":4},"end":{"line":58,"column":5}},{"start":{"line":56,"column":9},"end":{"line":58,"column":5}}],"line":52}},"s":{"0":1,"1":1,"2":1,"3":1,"4":0,"5":0,"6":0,"7":0,"8":0,"9":0,"10":0,"11":0,"12":0,"13":0,"14":0,"15":0,"16":0,"17":0,"18":0,"19":0,"20":0,"21":0,"22":0,"23":0,"24":0,"25":0,"26":0,"27":0,"28":0,"29":0,"30":0,"31":0,"32":0,"33":0,"34":0,"35":0,"36":0,"37":0},"f":{"0":0,"1":0,"2":0},"b":{"0":[0,0],"1":[0,0],"2":[0,0],"3":[0,0],"4":[0,0],"5":[0,0],"6":[0,0],"7":[0,0]},"inputSourceMap":null,"_coverageSchema":"1a1c01bbd47fc00a2c39e90264f33305004495a9","hash":"d23206811c6eb18cd0ad6d3e3e0c3906b8b0ea37"}
,"C:\\Users\\Predator\\OneDrive - Uppsala universitet\\Documents\\PKD\\Code\\PKD project code\\message-app\\userbase\\userbase.js": {"path":"C:\\Users\\Predator\\OneDrive - Uppsala universitet\\Documents\\PKD\\Code\\PKD project code\\message-app\\userbase\\userbase.js","statementMap":{"0":{"start":{"line":2,"column":0},"end":{"line":2,"column":62}},"1":{"start":{"line":3,"column":0},"end":{"line":3,"column":47}},"2":{"start":{"line":4,"column":26},"end":{"line":4,"column":65}},"3":{"start":{"line":5,"column":22},"end":{"line":5,"column":49}},"4":{"start":{"line":10,"column":0},"end":{"line":11,"column":85}},"5":{"start":{"line":12,"column":15},"end":{"line":12,"column":20}},"6":{"start":{"line":13,"column":9},"end":{"line":13,"column":47}},"7":{"start":{"line":15,"column":0},"end":{"line":18,"column":1}},"8":{"start":{"line":15,"column":13},"end":{"line":15,"column":14}},"9":{"start":{"line":16,"column":19},"end":{"line":16,"column":79}},"10":{"start":{"line":17,"column":4},"end":{"line":17,"column":55}},"11":{"start":{"line":19,"column":14},"end":{"line":29,"column":1}},"12":{"start":{"line":21,"column":35},"end":{"line":21,"column":68}},"13":{"start":{"line":22,"column":25},"end":{"line":22,"column":140}},"14":{"start":{"line":22,"column":88},"end":{"line":22,"column":137}},"15":{"start":{"line":24,"column":4},"end":{"line":28,"column":7}},"16":{"start":{"line":25,"column":8},"end":{"line":26,"column":19}},"17":{"start":{"line":26,"column":12},"end":{"line":26,"column":19}},"18":{"start":{"line":27,"column":8},"end":{"line":27,"column":73}},"19":{"start":{"line":31,"column":0},"end":{"line":33,"column":1}},"20":{"start":{"line":31,"column":13},"end":{"line":31,"column":14}},"21":{"start":{"line":32,"column":4},"end":{"line":32,"column":15}},"22":{"start":{"line":37,"column":0},"end":{"line":200,"column":2}}},"fnMap":{"0":{"name":"(anonymous_0)","decl":{"start":{"line":19,"column":14},"end":{"line":19,"column":15}},"loc":{"start":{"line":19,"column":27},"end":{"line":29,"column":1}},"line":19},"1":{"name":"(anonymous_1)","decl":{"start":{"line":22,"column":74},"end":{"line":22,"column":75}},"loc":{"start":{"line":22,"column":86},"end":{"line":22,"column":139}},"line":22},"2":{"name":"(anonymous_2)","decl":{"start":{"line":24,"column":27},"end":{"line":24,"column":28}},"loc":{"start":{"line":24,"column":45},"end":{"line":28,"column":5}},"line":24}},"branchMap":{"0":{"loc":{"start":{"line":25,"column":8},"end":{"line":26,"column":19}},"type":"if","locations":[{"start":{"line":25,"column":8},"end":{"line":26,"column":19}},{"start":{},"end":{}}],"line":25},"1":{"loc":{"start":{"line":25,"column":12},"end":{"line":25,"column":77}},"type":"binary-expr","locations":[{"start":{"line":25,"column":12},"end":{"line":25,"column":47}},{"start":{"line":25,"column":51},"end":{"line":25,"column":77}}],"line":25}},"s":{"0":1,"1":1,"2":1,"3":1,"4":1,"5":1,"6":1,"7":1,"8":1,"9":19,"10":19,"11":1,"12":19,"13":19,"14":44,"15":19,"16":44,"17":2,"18":42,"19":1,"20":1,"21":19,"22":1},"f":{"0":19,"1":44,"2":44},"b":{"0":[2,42],"1":[44,44]},"inputSourceMap":null,"_coverageSchema":"1a1c01bbd47fc00a2c39e90264f33305004495a9","hash":"697a49ae9953e1961bc5f588709e287c2ea0f7f8"}
}
