TN:
SF:userfunctions.js
FN:10,create_user
FN:20,create_userbase
FN:23,is_in_userbase
FN:32,find_user
FN:41,add_to_userbase
FNF:5
FNH:5
FNDA:26,create_user
FNDA:6,create_userbase
FNDA:78,is_in_userbase
FNDA:1,find_user
FNDA:25,add_to_userbase
DA:2,1
DA:3,1
DA:4,1
DA:5,1
DA:6,1
DA:7,1
DA:8,1
DA:9,1
DA:11,26
DA:21,6
DA:24,78
DA:25,665
DA:26,52
DA:30,26
DA:33,1
DA:34,1
DA:35,1
DA:39,0
DA:42,25
DA:43,25
DA:46,0
LF:21
LH:19
BRDA:25,0,0,52
BRDA:25,0,1,613
BRDA:34,1,0,1
BRDA:34,1,1,0
BRDA:42,2,0,25
BRDA:42,2,1,0
BRF:6
BRH:4
end_of_record
TN:
SF:friends\closest_relation.js
FN:7,userbase_to_userlist
FN:14,userbase_to_graph
FN:24,closest_relation
FN:29,(anonymous_3)
FNF:4
FNH:0
FNDA:0,userbase_to_userlist
FNDA:0,userbase_to_graph
FNDA:0,closest_relation
FNDA:0,(anonymous_3)
DA:2,1
DA:3,1
DA:4,1
DA:5,1
DA:6,1
DA:8,0
DA:9,0
DA:10,0
DA:12,0
DA:15,0
DA:16,0
DA:17,0
DA:18,0
DA:19,0
DA:22,0
DA:25,0
DA:26,0
DA:27,0
DA:28,0
DA:29,0
DA:30,0
DA:31,0
DA:32,0
DA:33,0
DA:34,0
DA:37,0
DA:39,0
DA:40,0
DA:42,0
LF:29
LH:5
BRDA:33,0,0,0
BRDA:33,0,1,0
BRDA:39,1,0,0
BRDA:39,1,1,0
BRF:4
BRH:0
end_of_record
TN:
SF:friends\friends_functions.js
FN:12,(anonymous_0)
FN:13,(anonymous_1)
FN:15,friend_request_send
FN:21,friend_request_recieved
FN:47,add_friend
FN:66,remove_friend
FNF:6
FNH:4
FNDA:51,(anonymous_0)
FNDA:0,(anonymous_1)
FNDA:51,friend_request_send
FNDA:0,friend_request_recieved
FNDA:50,add_friend
FNDA:1,remove_friend
DA:2,1
DA:3,1
DA:4,1
DA:5,1
DA:6,1
DA:7,1
DA:8,1
DA:9,1
DA:10,1
DA:12,51
DA:13,1
DA:16,51
DA:22,0
DA:23,0
DA:26,0
DA:27,0
DA:28,0
DA:29,0
DA:30,0
DA:31,0
DA:32,0
DA:33,0
DA:34,0
DA:35,0
DA:37,0
DA:38,0
DA:41,0
DA:43,0
DA:48,50
DA:49,50
DA:50,933
DA:51,50
DA:52,933
DA:53,50
DA:61,0
DA:67,1
DA:68,1
DA:69,2
DA:70,1
DA:71,2
DA:72,1
DA:73,1
DA:74,1
DA:75,1
DA:76,1
DA:85,0
LF:46
LH:28
BRDA:22,0,0,0
BRDA:22,0,1,0
BRDA:33,1,0,0
BRDA:33,1,1,0
BRDA:33,2,0,0
BRDA:33,2,1,0
BRDA:37,3,0,0
BRDA:37,3,1,0
BRDA:37,4,0,0
BRDA:37,4,1,0
BRDA:48,5,0,50
BRDA:48,5,1,0
BRDA:50,6,0,50
BRDA:50,6,1,883
BRDA:52,7,0,50
BRDA:52,7,1,883
BRDA:67,8,0,1
BRDA:67,8,1,0
BRDA:69,9,0,1
BRDA:69,9,1,1
BRDA:71,10,0,1
BRDA:71,10,1,1
BRDA:72,11,0,1
BRDA:72,11,1,0
BRF:24
BRH:11
end_of_record
TN:
SF:friends\shortest_path.js
FN:8,build_array
FN:34,lg_shortest_path
FN:40,(anonymous_2)
FN:41,(anonymous_3)
FN:43,bfs_visit
FN:44,(anonymous_5)
FN:65,(anonymous_6)
FNF:7
FNH:0
FNDA:0,build_array
FNDA:0,lg_shortest_path
FNDA:0,(anonymous_2)
FNDA:0,(anonymous_3)
FNDA:0,bfs_visit
FNDA:0,(anonymous_5)
FNDA:0,(anonymous_6)
DA:3,1
DA:4,1
DA:5,1
DA:6,1
DA:9,0
DA:10,0
DA:11,0
DA:13,0
DA:21,1
DA:22,1
DA:23,1
DA:37,0
DA:38,0
DA:39,0
DA:40,0
DA:41,0
DA:44,0
DA:45,0
DA:46,0
DA:47,0
DA:51,0
DA:52,0
DA:55,0
DA:57,0
DA:58,0
DA:59,0
DA:60,0
DA:61,0
DA:65,0
DA:66,0
DA:68,0
DA:70,0
LF:32
LH:7
BRDA:51,0,0,0
BRDA:51,0,1,0
BRDA:51,1,0,0
BRDA:51,1,1,0
BRDA:59,2,0,0
BRDA:59,2,1,0
BRF:6
BRH:0
end_of_record
TN:
SF:friends\suggested_friends.js
FN:6,suggested_friends
FN:28,sort_by_frequency
FNF:2
FNH:0
FNDA:0,suggested_friends
FNDA:0,sort_by_frequency
DA:2,1
DA:3,1
DA:4,1
DA:5,1
DA:7,0
DA:8,0
DA:9,0
DA:10,0
DA:11,0
DA:12,0
DA:13,0
DA:14,0
DA:16,0
DA:17,0
DA:18,0
DA:21,0
DA:22,0
DA:26,0
DA:29,0
DA:30,0
DA:31,0
DA:32,0
DA:33,0
DA:34,0
DA:35,0
DA:39,0
DA:40,0
DA:42,0
DA:43,0
DA:46,0
LF:30
LH:4
BRDA:13,0,0,0
BRDA:13,0,1,0
BRDA:13,1,0,0
BRDA:13,1,1,0
BRDA:16,2,0,0
BRDA:16,2,1,0
BRDA:32,3,0,0
BRDA:32,3,1,0
BRDA:42,4,0,0
BRDA:42,4,1,0
BRF:10
BRH:0
end_of_record
TN:
SF:lib\graphs.js
FN:20,undirected
FN:30,(anonymous_1)
FN:35,build_array
FN:47,mg_new
FN:48,(anonymous_4)
FN:48,(anonymous_5)
FN:57,mg_from_edges
FN:59,(anonymous_7)
FN:67,lg_new
FN:68,(anonymous_9)
FN:77,lg_from_edges
FN:79,(anonymous_11)
FN:87,lg_transpose
FN:91,(anonymous_13)
FN:111,lg_bfs_visit_order
FN:116,(anonymous_15)
FN:118,bfs_visit
FN:130,(anonymous_17)
FN:144,lg_dfs_visit_order
FN:148,(anonymous_19)
FN:155,dfs_visit
FN:174,mg_dfs_visit_order
FN:178,(anonymous_22)
FN:184,dfs_visit
FNF:24
FNH:0
FNDA:0,undirected
FNDA:0,(anonymous_1)
FNDA:0,build_array
FNDA:0,mg_new
FNDA:0,(anonymous_4)
FNDA:0,(anonymous_5)
FNDA:0,mg_from_edges
FNDA:0,(anonymous_7)
FNDA:0,lg_new
FNDA:0,(anonymous_9)
FNDA:0,lg_from_edges
FNDA:0,(anonymous_11)
FNDA:0,lg_transpose
FNDA:0,(anonymous_13)
FNDA:0,lg_bfs_visit_order
FNDA:0,(anonymous_15)
FNDA:0,bfs_visit
FNDA:0,(anonymous_17)
FNDA:0,lg_dfs_visit_order
FNDA:0,(anonymous_19)
FNDA:0,dfs_visit
FNDA:0,mg_dfs_visit_order
FNDA:0,(anonymous_22)
FNDA:0,dfs_visit
DA:2,1
DA:3,1
DA:4,1
DA:5,1
DA:6,1
DA:7,1
DA:8,1
DA:9,1
DA:10,1
DA:11,1
DA:12,1
DA:13,1
DA:21,0
DA:22,0
DA:24,0
DA:25,0
DA:28,0
DA:29,0
DA:30,0
DA:36,0
DA:37,0
DA:38,0
DA:40,0
DA:48,0
DA:58,0
DA:59,0
DA:60,0
DA:68,0
DA:78,0
DA:79,0
DA:80,0
DA:88,0
DA:89,0
DA:90,0
DA:91,0
DA:93,0
DA:102,1
DA:103,1
DA:104,1
DA:112,0
DA:113,0
DA:114,0
DA:115,0
DA:116,0
DA:119,0
DA:120,0
DA:121,0
DA:124,0
DA:125,0
DA:127,0
DA:128,0
DA:130,0
DA:131,0
DA:133,0
DA:135,0
DA:145,0
DA:146,0
DA:147,0
DA:148,0
DA:149,0
DA:151,0
DA:156,0
DA:157,0
DA:158,0
DA:159,0
DA:160,0
DA:164,0
DA:165,0
DA:175,0
DA:176,0
DA:177,0
DA:178,0
DA:179,0
DA:180,0
DA:185,0
DA:186,0
DA:187,0
DA:188,0
DA:189,0
DA:190,0
DA:194,0
DA:198,0
DA:199,0
LF:83
LH:15
BRDA:21,0,0,0
BRDA:21,0,1,0
BRDA:24,1,0,0
BRDA:24,1,1,0
BRDA:30,2,0,0
BRDA:30,2,1,0
BRDA:113,3,0,0
BRDA:113,3,1,0
BRDA:146,4,0,0
BRDA:146,4,1,0
BRDA:149,5,0,0
BRDA:149,5,1,0
BRDA:156,6,0,0
BRDA:156,6,1,0
BRDA:176,7,0,0
BRDA:176,7,1,0
BRDA:179,8,0,0
BRDA:179,8,1,0
BRDA:185,9,0,0
BRDA:185,9,1,0
BRDA:189,10,0,0
BRDA:189,10,1,0
BRF:22
BRH:0
end_of_record
TN:
SF:lib\list.js
FN:34,pair
FN:42,head
FN:50,tail
FN:58,is_null
FN:68,list
FN:85,empty_list
FN:94,to_string
FN:95,print
FN:115,length
FN:116,$length
FN:130,map
FN:131,$map
FN:146,build_list
FN:147,$build_list
FN:162,for_each
FN:175,reverse
FN:176,$reverse
FN:192,append
FN:193,$append
FN:196,(anonymous_19)
FN:198,(anonymous_20)
FN:209,member
FN:224,remove
FN:225,$remove
FN:245,remove_all
FN:246,$remove_all
FN:267,filter
FN:268,$filter
FN:284,all
FN:294,enum_list
FN:295,$enum_list
FN:313,list_ref
FN:333,accumulate
FN:334,$accumulate
FN:337,(anonymous_34)
FN:339,(anonymous_35)
FN:354,fold_left
FN:365,flatten
FNF:38
FNH:0
FNDA:0,pair
FNDA:0,head
FNDA:0,tail
FNDA:0,is_null
FNDA:0,list
FNDA:0,empty_list
FNDA:0,to_string
FNDA:0,print
FNDA:0,length
FNDA:0,$length
FNDA:0,map
FNDA:0,$map
FNDA:0,build_list
FNDA:0,$build_list
FNDA:0,for_each
FNDA:0,reverse
FNDA:0,$reverse
FNDA:0,append
FNDA:0,$append
FNDA:0,(anonymous_19)
FNDA:0,(anonymous_20)
FNDA:0,member
FNDA:0,remove
FNDA:0,$remove
FNDA:0,remove_all
FNDA:0,$remove_all
FNDA:0,filter
FNDA:0,$filter
FNDA:0,all
FNDA:0,enum_list
FNDA:0,$enum_list
FNDA:0,list_ref
FNDA:0,accumulate
FNDA:0,$accumulate
FNDA:0,(anonymous_34)
FNDA:0,(anonymous_35)
FNDA:0,fold_left
FNDA:0,flatten
DA:3,1
DA:4,1
DA:5,1
DA:6,1
DA:7,1
DA:8,1
DA:9,1
DA:10,1
DA:11,1
DA:12,1
DA:13,1
DA:14,1
DA:15,1
DA:16,1
DA:17,1
DA:18,1
DA:19,1
DA:20,1
DA:21,1
DA:22,1
DA:23,1
DA:24,1
DA:25,1
DA:35,0
DA:43,0
DA:51,0
DA:59,0
DA:69,0
DA:70,0
DA:71,0
DA:73,0
DA:74,0
DA:75,0
DA:77,0
DA:86,0
DA:96,0
DA:97,0
DA:101,0
DA:102,0
DA:105,0
DA:117,0
DA:119,0
DA:132,0
DA:136,0
DA:148,0
DA:152,0
DA:163,0
DA:164,0
DA:165,0
DA:177,0
DA:181,0
DA:194,0
DA:196,0
DA:198,0
DA:210,0
DA:227,0
DA:228,0
DA:229,0
DA:235,0
DA:248,0
DA:249,0
DA:250,0
DA:256,0
DA:269,0
DA:275,0
DA:285,0
DA:297,0
DA:298,0
DA:302,0
DA:314,0
DA:335,0
DA:337,0
DA:339,0
DA:355,0
DA:366,0
LF:75
LH:23
BRDA:97,0,0,0
BRDA:97,0,1,0
BRDA:101,1,0,0
BRDA:101,1,1,0
BRDA:117,2,0,0
BRDA:117,2,1,0
BRDA:132,3,0,0
BRDA:132,3,1,0
BRDA:148,4,0,0
BRDA:148,4,1,0
BRDA:177,5,0,0
BRDA:177,5,1,0
BRDA:194,6,0,0
BRDA:194,6,1,0
BRDA:210,7,0,0
BRDA:210,7,1,0
BRDA:212,8,0,0
BRDA:212,8,1,0
BRDA:229,9,0,0
BRDA:229,9,1,0
BRDA:231,10,0,0
BRDA:231,10,1,0
BRDA:250,11,0,0
BRDA:250,11,1,0
BRDA:252,12,0,0
BRDA:252,12,1,0
BRDA:269,13,0,0
BRDA:269,13,1,0
BRDA:271,14,0,0
BRDA:271,14,1,0
BRDA:285,15,0,0
BRDA:285,15,1,0
BRDA:285,16,0,0
BRDA:285,16,1,0
BRDA:298,17,0,0
BRDA:298,17,1,0
BRDA:314,18,0,0
BRDA:314,18,1,0
BRDA:316,19,0,0
BRDA:316,19,1,0
BRDA:335,20,0,0
BRDA:335,20,1,0
BRDA:355,21,0,0
BRDA:355,21,1,0
BRF:44
BRH:0
end_of_record
TN:
SF:lib\queue_array.js
FN:14,empty
FN:23,is_empty
FN:33,enqueue
FN:45,head
FN:56,dequeue
FN:65,display_queue
FNF:6
FNH:3
FNDA:54,empty
FNDA:0,is_empty
FNDA:51,enqueue
FNDA:1,head
FNDA:0,dequeue
FNDA:0,display_queue
DA:2,1
DA:3,1
DA:4,1
DA:5,1
DA:6,1
DA:7,1
DA:8,1
DA:15,54
DA:24,0
DA:34,51
DA:35,51
DA:36,51
DA:46,1
DA:47,1
DA:57,0
DA:58,0
DA:66,0
LF:17
LH:13
BRF:0
BRH:0
end_of_record
TN:
SF:messages\messages_functions.js
FN:9,(anonymous_0)
FN:11,(anonymous_1)
FN:12,(anonymous_2)
FN:14,message_create
FN:18,message_send
FN:28,message_read_and_dequeue
FNF:6
FNH:1
FNDA:27,(anonymous_0)
FNDA:0,(anonymous_1)
FNDA:0,(anonymous_2)
FNDA:0,message_create
FNDA:0,message_send
FNDA:0,message_read_and_dequeue
DA:2,1
DA:3,1
DA:4,1
DA:5,1
DA:6,1
DA:7,1
DA:9,27
DA:10,1
DA:11,1
DA:12,1
DA:15,0
DA:20,0
DA:21,0
DA:22,0
DA:24,0
DA:25,0
DA:30,0
DA:31,0
DA:32,0
DA:33,0
DA:34,0
DA:35,0
LF:22
LH:10
BRDA:20,0,0,0
BRDA:20,0,1,0
BRDA:20,1,0,0
BRDA:20,1,1,0
BRDA:30,2,0,0
BRDA:30,2,1,0
BRF:6
BRH:0
end_of_record
TN:
SF:prompts\friends_prompt.js
FN:10,friends_prompts
FN:78,array_to_string
FNF:2
FNH:0
FNDA:0,friends_prompts
FNDA:0,array_to_string
DA:2,1
DA:3,1
DA:4,1
DA:5,1
DA:6,1
DA:7,1
DA:8,1
DA:11,0
DA:12,0
DA:13,0
DA:14,0
DA:15,0
DA:16,0
DA:17,0
DA:18,0
DA:19,0
DA:22,0
DA:23,0
DA:24,0
DA:27,0
DA:28,0
DA:29,0
DA:33,0
DA:34,0
DA:35,0
DA:36,0
DA:37,0
DA:40,0
DA:42,0
DA:46,0
DA:47,0
DA:48,0
DA:51,0
DA:53,0
DA:57,0
DA:58,0
DA:59,0
DA:60,0
DA:64,0
DA:65,0
DA:66,0
DA:67,0
DA:69,0
DA:70,0
DA:74,0
DA:75,0
DA:79,0
DA:80,0
DA:81,0
DA:82,0
DA:83,0
DA:86,0
LF:52
LH:7
BRDA:22,0,0,0
BRDA:22,0,1,0
BRDA:22,1,0,0
BRDA:22,1,1,0
BRDA:23,2,0,0
BRDA:23,2,1,0
BRDA:33,3,0,0
BRDA:33,3,1,0
BRDA:33,4,0,0
BRDA:33,4,1,0
BRDA:34,5,0,0
BRDA:34,5,1,0
BRDA:46,6,0,0
BRDA:46,6,1,0
BRDA:46,7,0,0
BRDA:46,7,1,0
BRDA:47,8,0,0
BRDA:47,8,1,0
BRDA:57,9,0,0
BRDA:57,9,1,0
BRDA:57,10,0,0
BRDA:57,10,1,0
BRDA:64,11,0,0
BRDA:64,11,1,0
BRDA:64,12,0,0
BRDA:64,12,1,0
BRDA:69,13,0,0
BRDA:69,13,1,0
BRDA:69,14,0,0
BRDA:69,14,1,0
BRDA:82,15,0,0
BRDA:82,15,1,0
BRF:32
BRH:0
end_of_record
TN:
SF:prompts\logged_in_prompt.js
FN:8,logged_in_prompt
FNF:1
FNH:0
FNDA:0,logged_in_prompt
DA:2,1
DA:3,1
DA:4,1
DA:5,1
DA:6,1
DA:7,1
DA:9,0
DA:10,0
DA:11,0
DA:12,0
DA:13,0
DA:14,0
DA:15,0
DA:16,0
DA:17,0
DA:19,0
DA:20,0
DA:22,0
DA:23,0
DA:25,0
DA:26,0
DA:29,0
DA:30,0
LF:23
LH:6
BRDA:15,0,0,0
BRDA:15,0,1,0
BRDA:19,1,0,0
BRDA:19,1,1,0
BRDA:22,2,0,0
BRDA:22,2,1,0
BRDA:25,3,0,0
BRDA:25,3,1,0
BRF:8
BRH:0
end_of_record
TN:
SF:prompts\main_prompt.js
FN:9,main_prompt
FN:27,login_prompt
FN:39,check_prompt
FN:46,check_password
FNF:4
FNH:0
FNDA:0,main_prompt
FNDA:0,login_prompt
FNDA:0,check_prompt
FNDA:0,check_password
DA:2,1
DA:3,1
DA:4,1
DA:5,1
DA:6,1
DA:7,1
DA:8,1
DA:10,0
DA:11,0
DA:12,0
DA:13,0
DA:14,0
DA:15,0
DA:16,0
DA:17,0
DA:19,0
DA:20,0
DA:23,0
DA:24,0
DA:28,0
DA:29,0
DA:30,0
DA:31,0
DA:32,0
DA:33,0
DA:34,0
DA:36,0
DA:37,0
DA:40,0
DA:41,0
DA:42,0
DA:44,0
DA:48,0
DA:49,0
DA:50,0
DA:51,0
DA:54,0
DA:55,0
LF:38
LH:7
BRDA:16,0,0,0
BRDA:16,0,1,0
BRDA:19,1,0,0
BRDA:19,1,1,0
BRDA:41,2,0,0
BRDA:41,2,1,0
BRDA:49,3,0,0
BRDA:49,3,1,0
BRDA:49,4,0,0
BRDA:49,4,1,0
BRDA:49,5,0,0
BRDA:49,5,1,0
BRF:12
BRH:0
end_of_record
TN:
SF:prompts\message_prompt.js
FN:8,choose_message_action
FN:28,send_message_prompt
FN:39,read_message_prompt
FNF:3
FNH:0
FNDA:0,choose_message_action
FNDA:0,send_message_prompt
FNDA:0,read_message_prompt
DA:2,1
DA:3,1
DA:4,1
DA:5,1
DA:6,1
DA:7,1
DA:9,0
DA:10,0
DA:11,0
DA:12,0
DA:13,0
DA:14,0
DA:15,0
DA:17,0
DA:18,0
DA:20,0
DA:21,0
DA:24,0
DA:25,0
DA:29,0
DA:30,0
DA:31,0
DA:32,0
DA:34,0
DA:35,0
DA:36,0
DA:37,0
DA:40,0
DA:41,0
LF:29
LH:6
BRDA:14,0,0,0
BRDA:14,0,1,0
BRDA:17,1,0,0
BRDA:17,1,1,0
BRDA:20,2,0,0
BRDA:20,2,1,0
BRF:6
BRH:0
end_of_record
TN:
SF:prompts\new_user_prompt.js
FN:6,new_user_prompt
FNF:1
FNH:0
FNDA:0,new_user_prompt
DA:2,1
DA:3,1
DA:4,1
DA:5,1
DA:7,0
DA:8,0
DA:9,0
DA:10,0
DA:11,0
LF:9
LH:4
BRF:0
BRH:0
end_of_record
TN:
SF:prompts\privacy_prompt.js
FN:6,privacy_settings_prompt
FN:26,privacy_prompt
FN:47,change_password_prompt
FNF:3
FNH:0
FNDA:0,privacy_settings_prompt
FNDA:0,privacy_prompt
FNDA:0,change_password_prompt
DA:2,1
DA:3,1
DA:4,1
DA:5,1
DA:7,0
DA:8,0
DA:9,0
DA:10,0
DA:11,0
DA:12,0
DA:13,0
DA:15,0
DA:16,0
DA:18,0
DA:19,0
DA:22,0
DA:23,0
DA:27,0
DA:28,0
DA:29,0
DA:30,0
DA:31,0
DA:32,0
DA:33,0
DA:34,0
DA:35,0
DA:36,0
DA:38,0
DA:39,0
DA:40,0
DA:43,0
DA:44,0
DA:48,0
DA:49,0
DA:50,0
DA:51,0
DA:54,0
DA:56,0
LF:38
LH:4
BRDA:12,0,0,0
BRDA:12,0,1,0
BRDA:15,1,0,0
BRDA:15,1,1,0
BRDA:18,2,0,0
BRDA:18,2,1,0
BRDA:28,3,0,0
BRDA:28,3,1,0
BRDA:29,4,0,0
BRDA:29,4,1,0
BRDA:35,5,0,0
BRDA:35,5,1,0
BRDA:38,6,0,0
BRDA:38,6,1,0
BRDA:49,7,0,0
BRDA:49,7,1,0
BRF:16
BRH:0
end_of_record
TN:
SF:userbase\userbase.js
FN:16,(anonymous_0)
FN:19,(anonymous_1)
FN:21,(anonymous_2)
FNF:3
FNH:3
FNDA:19,(anonymous_0)
FNDA:50,(anonymous_1)
FNDA:50,(anonymous_2)
DA:2,1
DA:3,1
DA:4,1
DA:5,1
DA:7,1
DA:9,1
DA:10,1
DA:12,1
DA:13,19
DA:14,19
DA:16,1
DA:18,19
DA:19,50
DA:21,19
DA:22,50
DA:23,1
DA:24,49
DA:28,1
DA:29,19
DA:31,1
LF:20
LH:20
BRDA:22,0,0,1
BRDA:22,0,1,49
BRDA:22,1,0,50
BRDA:22,1,1,50
BRF:4
BRH:4
end_of_record
