TN:
SF:userfunctions.js
FN:10,create_user
FN:20,create_userbase
FN:23,is_in_userbase
FN:32,find_user
FN:41,add_to_userbase
FNF:5
FNH:5
FNDA:3,create_user
FNDA:3,create_userbase
FNDA:4,is_in_userbase
FNDA:1,find_user
FNDA:2,add_to_userbase
DA:2,1
DA:3,1
DA:4,1
DA:5,1
DA:6,1
DA:7,1
DA:8,1
DA:9,1
DA:11,3
DA:21,3
DA:24,4
DA:25,2
DA:26,1
DA:30,3
DA:33,1
DA:34,1
DA:35,1
DA:39,0
DA:42,2
DA:43,2
DA:46,0
LF:21
LH:19
BRDA:25,0,0,1
BRDA:25,0,1,1
BRDA:34,1,0,1
BRDA:34,1,1,0
BRDA:42,2,0,2
BRDA:42,2,1,0
BRF:6
BRH:4
end_of_record
TN:
SF:lib\queue_array.js
FN:14,empty
FN:23,is_empty
FN:33,enqueue
FN:45,head
FN:56,dequeue
FN:65,display_queue
FNF:6
FNH:1
FNDA:6,empty
FNDA:0,is_empty
FNDA:0,enqueue
FNDA:0,head
FNDA:0,dequeue
FNDA:0,display_queue
DA:2,1
DA:3,1
DA:4,1
DA:5,1
DA:6,1
DA:7,1
DA:8,1
DA:15,6
DA:24,0
DA:34,0
DA:35,0
DA:36,0
DA:46,0
DA:47,0
DA:57,0
DA:58,0
DA:66,0
LF:17
LH:8
BRF:0
BRH:0
end_of_record
TN:
SF:messages\messages_functions.js
FN:9,(anonymous_0)
FN:11,(anonymous_1)
FN:12,(anonymous_2)
FN:14,message_create
FN:18,message_send
FN:28,message_read_and_dequeue
FNF:6
FNH:1
FNDA:3,(anonymous_0)
FNDA:0,(anonymous_1)
FNDA:0,(anonymous_2)
FNDA:0,message_create
FNDA:0,message_send
FNDA:0,message_read_and_dequeue
DA:2,1
DA:3,1
DA:4,1
DA:5,1
DA:6,1
DA:7,1
DA:9,3
DA:10,1
DA:11,1
DA:12,1
DA:15,0
DA:20,0
DA:21,0
DA:22,0
DA:24,0
DA:25,0
DA:30,0
DA:31,0
DA:32,0
DA:33,0
DA:34,0
DA:35,0
LF:22
LH:10
BRDA:20,0,0,0
BRDA:20,0,1,0
BRDA:20,1,0,0
BRDA:20,1,1,0
BRDA:30,2,0,0
BRDA:30,2,1,0
BRF:6
BRH:0
end_of_record
